[2025-02-04T18:28:18.621+0000] {local_task_job_runner.py:123} INFO - ::group::Pre task execution logs
[2025-02-04T18:28:19.267+0000] {taskinstance.py:2613} INFO - Dependencies all met for dep_context=non-requeueable deps ti=<TaskInstance: fetch_and_store_amazon_books.fetch_book_data scheduled__2024-06-22T00:00:00+00:00 [queued]>
[2025-02-04T18:28:19.507+0000] {taskinstance.py:2613} INFO - Dependencies all met for dep_context=requeueable deps ti=<TaskInstance: fetch_and_store_amazon_books.fetch_book_data scheduled__2024-06-22T00:00:00+00:00 [queued]>
[2025-02-04T18:28:19.522+0000] {taskinstance.py:2866} INFO - Starting attempt 1 of 2
[2025-02-04T18:28:19.962+0000] {taskinstance.py:2889} INFO - Executing <Task(PythonOperator): fetch_book_data> on 2024-06-22 00:00:00+00:00
[2025-02-04T18:28:20.128+0000] {warnings.py:112} WARNING - /home/***/.local/lib/python3.12/site-packages/***/task/task_runner/standard_task_runner.py:70: DeprecationWarning: This process (pid=301) is multi-threaded, use of fork() may lead to deadlocks in the child.
  pid = os.fork()

[2025-02-04T18:28:20.165+0000] {standard_task_runner.py:72} INFO - Started process 358 to run task
[2025-02-04T18:28:20.292+0000] {standard_task_runner.py:104} INFO - Running: ['***', 'tasks', 'run', 'fetch_and_store_amazon_books', 'fetch_book_data', 'scheduled__2024-06-22T00:00:00+00:00', '--job-id', '22', '--raw', '--subdir', 'DAGS_FOLDER/dag.py', '--cfg-path', '/tmp/tmph7e6ofyx']
[2025-02-04T18:28:20.320+0000] {standard_task_runner.py:105} INFO - Job 22: Subtask fetch_book_data
[2025-02-04T18:28:20.808+0000] {task_command.py:467} INFO - Running <TaskInstance: fetch_and_store_amazon_books.fetch_book_data scheduled__2024-06-22T00:00:00+00:00 [running]> on host 01f8178c85f9
[2025-02-04T18:28:21.304+0000] {taskinstance.py:3132} INFO - Exporting env vars: AIRFLOW_CTX_DAG_OWNER='***' AIRFLOW_CTX_DAG_ID='fetch_and_store_amazon_books' AIRFLOW_CTX_TASK_ID='fetch_book_data' AIRFLOW_CTX_EXECUTION_DATE='2024-06-22T00:00:00+00:00' AIRFLOW_CTX_TRY_NUMBER='1' AIRFLOW_CTX_DAG_RUN_ID='scheduled__2024-06-22T00:00:00+00:00'
[2025-02-04T18:28:21.315+0000] {logging_mixin.py:190} INFO - Task instance is in running state
[2025-02-04T18:28:21.319+0000] {logging_mixin.py:190} INFO -  Previous state of the Task instance: queued
[2025-02-04T18:28:21.321+0000] {logging_mixin.py:190} INFO - Current task name:fetch_book_data state:running start_date:2025-02-04 18:28:19.278739+00:00
[2025-02-04T18:28:21.322+0000] {logging_mixin.py:190} INFO - Dag name:fetch_and_store_amazon_books and current dag run status:running
[2025-02-04T18:28:21.324+0000] {taskinstance.py:731} INFO - ::endgroup::
[2025-02-04T18:28:50.867+0000] {job.py:229} INFO - Heartbeat recovered after 18.26 seconds
[2025-02-04T18:29:04.074+0000] {job.py:229} INFO - Heartbeat recovered after 13.36 seconds
[2025-02-04T18:29:05.425+0000] {local_task_job_runner.py:266} INFO - Task exited with return code -9. For more information, see https://***.apache.org/docs/apache-***/stable/troubleshooting.html#LocalTaskJob-killed
[2025-02-04T18:29:05.947+0000] {taskinstance.py:3895} INFO - 0 downstream tasks scheduled from follow-on schedule check
[2025-02-04T18:29:05.975+0000] {local_task_job_runner.py:245} INFO - ::endgroup::
