[2025-02-04T18:28:13.839+0000] {local_task_job_runner.py:123} INFO - ::group::Pre task execution logs
[2025-02-04T18:28:14.116+0000] {taskinstance.py:2613} INFO - Dependencies all met for dep_context=non-requeueable deps ti=<TaskInstance: fetch_and_store_amazon_books.fetch_book_data scheduled__2024-07-03T00:00:00+00:00 [queued]>
[2025-02-04T18:28:14.156+0000] {taskinstance.py:2613} INFO - Dependencies all met for dep_context=requeueable deps ti=<TaskInstance: fetch_and_store_amazon_books.fetch_book_data scheduled__2024-07-03T00:00:00+00:00 [queued]>
[2025-02-04T18:28:14.161+0000] {taskinstance.py:2866} INFO - Starting attempt 1 of 2
[2025-02-04T18:28:14.396+0000] {taskinstance.py:2889} INFO - Executing <Task(PythonOperator): fetch_book_data> on 2024-07-03 00:00:00+00:00
[2025-02-04T18:28:14.541+0000] {warnings.py:112} WARNING - /home/***/.local/lib/python3.12/site-packages/***/task/task_runner/standard_task_runner.py:70: DeprecationWarning: This process (pid=313) is multi-threaded, use of fork() may lead to deadlocks in the child.
  pid = os.fork()

[2025-02-04T18:28:14.562+0000] {standard_task_runner.py:72} INFO - Started process 351 to run task
[2025-02-04T18:28:14.613+0000] {standard_task_runner.py:104} INFO - Running: ['***', 'tasks', 'run', 'fetch_and_store_amazon_books', 'fetch_book_data', 'scheduled__2024-07-03T00:00:00+00:00', '--job-id', '19', '--raw', '--subdir', 'DAGS_FOLDER/dag.py', '--cfg-path', '/tmp/tmpx3lyj9sn']
[2025-02-04T18:28:14.631+0000] {standard_task_runner.py:105} INFO - Job 19: Subtask fetch_book_data
[2025-02-04T18:28:15.453+0000] {task_command.py:467} INFO - Running <TaskInstance: fetch_and_store_amazon_books.fetch_book_data scheduled__2024-07-03T00:00:00+00:00 [running]> on host 01f8178c85f9
[2025-02-04T18:28:17.131+0000] {taskinstance.py:3132} INFO - Exporting env vars: AIRFLOW_CTX_DAG_OWNER='***' AIRFLOW_CTX_DAG_ID='fetch_and_store_amazon_books' AIRFLOW_CTX_TASK_ID='fetch_book_data' AIRFLOW_CTX_EXECUTION_DATE='2024-07-03T00:00:00+00:00' AIRFLOW_CTX_TRY_NUMBER='1' AIRFLOW_CTX_DAG_RUN_ID='scheduled__2024-07-03T00:00:00+00:00'
[2025-02-04T18:28:17.156+0000] {logging_mixin.py:190} INFO - Task instance is in running state
[2025-02-04T18:28:17.166+0000] {logging_mixin.py:190} INFO -  Previous state of the Task instance: queued
[2025-02-04T18:28:17.168+0000] {logging_mixin.py:190} INFO - Current task name:fetch_book_data state:running start_date:2025-02-04 18:28:14.119241+00:00
[2025-02-04T18:28:17.171+0000] {logging_mixin.py:190} INFO - Dag name:fetch_and_store_amazon_books and current dag run status:running
[2025-02-04T18:28:17.172+0000] {taskinstance.py:731} INFO - ::endgroup::
[2025-02-04T18:28:43.088+0000] {job.py:229} INFO - Heartbeat recovered after 17.02 seconds
[2025-02-04T18:28:50.671+0000] {job.py:229} INFO - Heartbeat recovered after 16.33 seconds
[2025-02-04T18:29:10.653+0000] {job.py:229} INFO - Heartbeat recovered after 10.65 seconds
[2025-02-04T18:31:03.474+0000] {local_task_job_runner.py:266} INFO - Task exited with return code -9. For more information, see https://***.apache.org/docs/apache-***/stable/troubleshooting.html#LocalTaskJob-killed
[2025-02-04T18:31:04.092+0000] {standard_task_runner.py:217} INFO - Process not found (most likely exited), stop collecting metrics
[2025-02-04T18:31:05.369+0000] {local_task_job_runner.py:245} INFO - ::endgroup::
