[2025-02-04T18:28:06.886+0000] {local_task_job_runner.py:123} INFO - ::group::Pre task execution logs
[2025-02-04T18:28:07.125+0000] {taskinstance.py:2613} INFO - Dependencies all met for dep_context=non-requeueable deps ti=<TaskInstance: fetch_and_store_amazon_books.fetch_book_data scheduled__2024-06-29T00:00:00+00:00 [queued]>
[2025-02-04T18:28:07.177+0000] {taskinstance.py:2613} INFO - Dependencies all met for dep_context=requeueable deps ti=<TaskInstance: fetch_and_store_amazon_books.fetch_book_data scheduled__2024-06-29T00:00:00+00:00 [queued]>
[2025-02-04T18:28:07.183+0000] {taskinstance.py:2866} INFO - Starting attempt 1 of 2
[2025-02-04T18:28:07.305+0000] {taskinstance.py:2889} INFO - Executing <Task(PythonOperator): fetch_book_data> on 2024-06-29 00:00:00+00:00
[2025-02-04T18:28:07.487+0000] {warnings.py:112} WARNING - /home/***/.local/lib/python3.12/site-packages/***/task/task_runner/standard_task_runner.py:70: DeprecationWarning: This process (pid=309) is multi-threaded, use of fork() may lead to deadlocks in the child.
  pid = os.fork()

[2025-02-04T18:28:07.618+0000] {standard_task_runner.py:72} INFO - Started process 338 to run task
[2025-02-04T18:28:07.580+0000] {standard_task_runner.py:104} INFO - Running: ['***', 'tasks', 'run', 'fetch_and_store_amazon_books', 'fetch_book_data', 'scheduled__2024-06-29T00:00:00+00:00', '--job-id', '12', '--raw', '--subdir', 'DAGS_FOLDER/dag.py', '--cfg-path', '/tmp/tmpy1udmota']
[2025-02-04T18:28:07.630+0000] {standard_task_runner.py:105} INFO - Job 12: Subtask fetch_book_data
[2025-02-04T18:28:08.068+0000] {task_command.py:467} INFO - Running <TaskInstance: fetch_and_store_amazon_books.fetch_book_data scheduled__2024-06-29T00:00:00+00:00 [running]> on host 01f8178c85f9
[2025-02-04T18:28:09.952+0000] {taskinstance.py:3132} INFO - Exporting env vars: AIRFLOW_CTX_DAG_OWNER='***' AIRFLOW_CTX_DAG_ID='fetch_and_store_amazon_books' AIRFLOW_CTX_TASK_ID='fetch_book_data' AIRFLOW_CTX_EXECUTION_DATE='2024-06-29T00:00:00+00:00' AIRFLOW_CTX_TRY_NUMBER='1' AIRFLOW_CTX_DAG_RUN_ID='scheduled__2024-06-29T00:00:00+00:00'
[2025-02-04T18:28:10.230+0000] {logging_mixin.py:190} INFO - Task instance is in running state
[2025-02-04T18:28:10.284+0000] {logging_mixin.py:190} INFO -  Previous state of the Task instance: queued
[2025-02-04T18:28:10.289+0000] {logging_mixin.py:190} INFO - Current task name:fetch_book_data state:running start_date:2025-02-04 18:28:07.132560+00:00
[2025-02-04T18:28:10.291+0000] {logging_mixin.py:190} INFO - Dag name:fetch_and_store_amazon_books and current dag run status:running
[2025-02-04T18:28:10.292+0000] {taskinstance.py:731} INFO - ::endgroup::
[2025-02-04T18:28:50.852+0000] {job.py:229} INFO - Heartbeat recovered after 19.51 seconds
[2025-02-04T18:29:03.498+0000] {job.py:229} INFO - Heartbeat recovered after 12.79 seconds
[2025-02-04T18:32:33.935+0000] {job.py:229} INFO - Heartbeat recovered after 42.29 seconds
[2025-02-04T18:32:52.468+0000] {job.py:229} INFO - Heartbeat recovered after 23.57 seconds
