[2025-02-04T18:43:04.884+0000] {local_task_job_runner.py:123} INFO - ::group::Pre task execution logs
[2025-02-04T18:43:04.900+0000] {taskinstance.py:2613} INFO - Dependencies all met for dep_context=non-requeueable deps ti=<TaskInstance: fetch_and_store_amazon_books.fetch_book_data scheduled__2025-02-02T00:00:00+00:00 [queued]>
[2025-02-04T18:43:04.906+0000] {taskinstance.py:2613} INFO - Dependencies all met for dep_context=requeueable deps ti=<TaskInstance: fetch_and_store_amazon_books.fetch_book_data scheduled__2025-02-02T00:00:00+00:00 [queued]>
[2025-02-04T18:43:04.908+0000] {taskinstance.py:2866} INFO - Starting attempt 1 of 2
[2025-02-04T18:43:04.917+0000] {taskinstance.py:2889} INFO - Executing <Task(PythonOperator): fetch_book_data> on 2025-02-02 00:00:00+00:00
[2025-02-04T18:43:04.927+0000] {warnings.py:112} WARNING - /home/***/.local/lib/python3.12/site-packages/***/task/task_runner/standard_task_runner.py:70: DeprecationWarning: This process (pid=197) is multi-threaded, use of fork() may lead to deadlocks in the child.
  pid = os.fork()

[2025-02-04T18:43:04.932+0000] {standard_task_runner.py:104} INFO - Running: ['***', 'tasks', 'run', 'fetch_and_store_amazon_books', 'fetch_book_data', 'scheduled__2025-02-02T00:00:00+00:00', '--job-id', '40', '--raw', '--subdir', 'DAGS_FOLDER/app.py', '--cfg-path', '/tmp/tmpak0o9n25']
[2025-02-04T18:43:04.936+0000] {standard_task_runner.py:72} INFO - Started process 198 to run task
[2025-02-04T18:43:04.937+0000] {standard_task_runner.py:105} INFO - Job 40: Subtask fetch_book_data
[2025-02-04T18:43:04.983+0000] {task_command.py:467} INFO - Running <TaskInstance: fetch_and_store_amazon_books.fetch_book_data scheduled__2025-02-02T00:00:00+00:00 [running]> on host cfc8fc18af31
[2025-02-04T18:43:05.040+0000] {taskinstance.py:3132} INFO - Exporting env vars: AIRFLOW_CTX_DAG_OWNER='***' AIRFLOW_CTX_DAG_ID='fetch_and_store_amazon_books' AIRFLOW_CTX_TASK_ID='fetch_book_data' AIRFLOW_CTX_EXECUTION_DATE='2025-02-02T00:00:00+00:00' AIRFLOW_CTX_TRY_NUMBER='1' AIRFLOW_CTX_DAG_RUN_ID='scheduled__2025-02-02T00:00:00+00:00'
[2025-02-04T18:43:05.042+0000] {logging_mixin.py:190} INFO - Task instance is in running state
[2025-02-04T18:43:05.043+0000] {logging_mixin.py:190} INFO -  Previous state of the Task instance: queued
[2025-02-04T18:43:05.045+0000] {logging_mixin.py:190} INFO - Current task name:fetch_book_data state:running start_date:2025-02-04 18:43:04.901835+00:00
[2025-02-04T18:43:05.046+0000] {logging_mixin.py:190} INFO - Dag name:fetch_and_store_amazon_books and current dag run status:running
[2025-02-04T18:43:05.047+0000] {taskinstance.py:731} INFO - ::endgroup::
[2025-02-04T18:43:06.777+0000] {logging_mixin.py:190} INFO - Failed to retrieve the page
[2025-02-04T18:43:06.805+0000] {python.py:240} INFO - Done. Returned value was: None
[2025-02-04T18:43:06.814+0000] {taskinstance.py:340} INFO - ::group::Post task execution logs
[2025-02-04T18:43:06.816+0000] {taskinstance.py:352} INFO - Marking task as SUCCESS. dag_id=fetch_and_store_amazon_books, task_id=fetch_book_data, run_id=scheduled__2025-02-02T00:00:00+00:00, execution_date=20250202T000000, start_date=20250204T184304, end_date=20250204T184306
[2025-02-04T18:43:06.825+0000] {logging_mixin.py:190} INFO - Task instance in success state
[2025-02-04T18:43:06.826+0000] {logging_mixin.py:190} INFO -  Previous state of the Task instance: running
[2025-02-04T18:43:06.827+0000] {logging_mixin.py:190} INFO - Dag name:fetch_and_store_amazon_books queued_at:2025-02-04 18:43:03.013202+00:00
[2025-02-04T18:43:06.828+0000] {logging_mixin.py:190} INFO - Task hostname:cfc8fc18af31 operator:PythonOperator
[2025-02-04T18:43:06.871+0000] {local_task_job_runner.py:266} INFO - Task exited with return code 0
[2025-02-04T18:43:06.913+0000] {taskinstance.py:3895} INFO - 1 downstream tasks scheduled from follow-on schedule check
[2025-02-04T18:43:06.917+0000] {local_task_job_runner.py:245} INFO - ::endgroup::
