[2025-02-04T18:28:16.330+0000] {local_task_job_runner.py:123} INFO - ::group::Pre task execution logs
[2025-02-04T18:28:16.374+0000] {taskinstance.py:2613} INFO - Dependencies all met for dep_context=non-requeueable deps ti=<TaskInstance: fetch_and_store_amazon_books.fetch_book_data scheduled__2024-06-27T00:00:00+00:00 [queued]>
[2025-02-04T18:28:16.834+0000] {taskinstance.py:2613} INFO - Dependencies all met for dep_context=requeueable deps ti=<TaskInstance: fetch_and_store_amazon_books.fetch_book_data scheduled__2024-06-27T00:00:00+00:00 [queued]>
[2025-02-04T18:28:16.846+0000] {taskinstance.py:2866} INFO - Starting attempt 1 of 2
[2025-02-04T18:28:17.207+0000] {taskinstance.py:2889} INFO - Executing <Task(PythonOperator): fetch_book_data> on 2024-06-27 00:00:00+00:00
[2025-02-04T18:28:17.356+0000] {warnings.py:112} WARNING - /home/***/.local/lib/python3.12/site-packages/***/task/task_runner/standard_task_runner.py:70: DeprecationWarning: This process (pid=308) is multi-threaded, use of fork() may lead to deadlocks in the child.
  pid = os.fork()

[2025-02-04T18:28:17.373+0000] {standard_task_runner.py:72} INFO - Started process 354 to run task
[2025-02-04T18:28:17.398+0000] {standard_task_runner.py:104} INFO - Running: ['***', 'tasks', 'run', 'fetch_and_store_amazon_books', 'fetch_book_data', 'scheduled__2024-06-27T00:00:00+00:00', '--job-id', '20', '--raw', '--subdir', 'DAGS_FOLDER/dag.py', '--cfg-path', '/tmp/tmpkb0qhqbc']
[2025-02-04T18:28:17.422+0000] {standard_task_runner.py:105} INFO - Job 20: Subtask fetch_book_data
[2025-02-04T18:28:18.032+0000] {task_command.py:467} INFO - Running <TaskInstance: fetch_and_store_amazon_books.fetch_book_data scheduled__2024-06-27T00:00:00+00:00 [running]> on host 01f8178c85f9
[2025-02-04T18:28:20.282+0000] {taskinstance.py:3132} INFO - Exporting env vars: AIRFLOW_CTX_DAG_OWNER='***' AIRFLOW_CTX_DAG_ID='fetch_and_store_amazon_books' AIRFLOW_CTX_TASK_ID='fetch_book_data' AIRFLOW_CTX_EXECUTION_DATE='2024-06-27T00:00:00+00:00' AIRFLOW_CTX_TRY_NUMBER='1' AIRFLOW_CTX_DAG_RUN_ID='scheduled__2024-06-27T00:00:00+00:00'
[2025-02-04T18:28:20.289+0000] {logging_mixin.py:190} INFO - Task instance is in running state
[2025-02-04T18:28:20.291+0000] {logging_mixin.py:190} INFO -  Previous state of the Task instance: queued
[2025-02-04T18:28:20.294+0000] {logging_mixin.py:190} INFO - Current task name:fetch_book_data state:running start_date:2025-02-04 18:28:16.446962+00:00
[2025-02-04T18:28:20.300+0000] {logging_mixin.py:190} INFO - Dag name:fetch_and_store_amazon_books and current dag run status:running
[2025-02-04T18:28:20.302+0000] {taskinstance.py:731} INFO - ::endgroup::
[2025-02-04T18:28:43.672+0000] {job.py:229} INFO - Heartbeat recovered after 12.32 seconds
[2025-02-04T18:29:03.586+0000] {job.py:229} INFO - Heartbeat recovered after 13.33 seconds
[2025-02-04T18:32:33.938+0000] {job.py:229} INFO - Heartbeat recovered after 45.24 seconds
[2025-02-04T18:32:52.969+0000] {job.py:229} INFO - Heartbeat recovered after 19.17 seconds
