[2025-02-04T18:07:55.917+0000] {processor.py:186} INFO - Started process (PID=31) to work on /opt/airflow/dags/dag.py
[2025-02-04T18:07:55.922+0000] {processor.py:914} INFO - Processing file /opt/airflow/dags/dag.py for tasks to queue
[2025-02-04T18:07:55.929+0000] {logging_mixin.py:190} INFO - [2025-02-04T18:07:55.928+0000] {dagbag.py:588} INFO - Filling up the DagBag from /opt/airflow/dags/dag.py
[2025-02-04T18:07:56.008+0000] {processor.py:925} INFO - DAG(s) 'fetch_and_store_amazon_books' retrieved from /opt/airflow/dags/dag.py
[2025-02-04T18:07:56.250+0000] {logging_mixin.py:190} INFO - [2025-02-04T18:07:56.249+0000] {override.py:1911} INFO - Created Permission View: can edit on DAG:fetch_and_store_amazon_books
[2025-02-04T18:07:56.258+0000] {logging_mixin.py:190} INFO - [2025-02-04T18:07:56.258+0000] {override.py:1911} INFO - Created Permission View: can read on DAG:fetch_and_store_amazon_books
[2025-02-04T18:07:56.264+0000] {logging_mixin.py:190} INFO - [2025-02-04T18:07:56.264+0000] {override.py:1911} INFO - Created Permission View: can delete on DAG:fetch_and_store_amazon_books
[2025-02-04T18:07:56.273+0000] {logging_mixin.py:190} INFO - [2025-02-04T18:07:56.272+0000] {override.py:1911} INFO - Created Permission View: menu access on DAG Run:fetch_and_store_amazon_books
[2025-02-04T18:07:56.279+0000] {logging_mixin.py:190} INFO - [2025-02-04T18:07:56.278+0000] {override.py:1911} INFO - Created Permission View: can create on DAG Run:fetch_and_store_amazon_books
[2025-02-04T18:07:56.290+0000] {logging_mixin.py:190} INFO - [2025-02-04T18:07:56.289+0000] {override.py:1911} INFO - Created Permission View: can read on DAG Run:fetch_and_store_amazon_books
[2025-02-04T18:07:56.303+0000] {logging_mixin.py:190} INFO - [2025-02-04T18:07:56.302+0000] {override.py:1911} INFO - Created Permission View: can delete on DAG Run:fetch_and_store_amazon_books
[2025-02-04T18:07:56.304+0000] {logging_mixin.py:190} INFO - [2025-02-04T18:07:56.304+0000] {dag.py:3239} INFO - Sync 1 DAGs
[2025-02-04T18:07:56.332+0000] {logging_mixin.py:190} INFO - [2025-02-04T18:07:56.332+0000] {dag.py:3262} INFO - Creating ORM DAG for fetch_and_store_amazon_books
[2025-02-04T18:07:56.347+0000] {logging_mixin.py:190} INFO - [2025-02-04T18:07:56.347+0000] {dag.py:4180} INFO - Setting next_dagrun for fetch_and_store_amazon_books to None, run_after=None
[2025-02-04T18:07:56.368+0000] {processor.py:208} INFO - Processing /opt/airflow/dags/dag.py took 0.460 seconds
[2025-02-04T18:08:26.416+0000] {processor.py:186} INFO - Started process (PID=97) to work on /opt/airflow/dags/dag.py
[2025-02-04T18:08:26.423+0000] {processor.py:914} INFO - Processing file /opt/airflow/dags/dag.py for tasks to queue
[2025-02-04T18:08:26.426+0000] {logging_mixin.py:190} INFO - [2025-02-04T18:08:26.426+0000] {dagbag.py:588} INFO - Filling up the DagBag from /opt/airflow/dags/dag.py
[2025-02-04T18:08:26.441+0000] {processor.py:925} INFO - DAG(s) 'fetch_and_store_amazon_books' retrieved from /opt/airflow/dags/dag.py
[2025-02-04T18:08:26.456+0000] {logging_mixin.py:190} INFO - [2025-02-04T18:08:26.456+0000] {dag.py:3239} INFO - Sync 1 DAGs
[2025-02-04T18:08:26.472+0000] {logging_mixin.py:190} INFO - [2025-02-04T18:08:26.471+0000] {dag.py:4180} INFO - Setting next_dagrun for fetch_and_store_amazon_books to None, run_after=None
[2025-02-04T18:08:26.481+0000] {processor.py:208} INFO - Processing /opt/airflow/dags/dag.py took 0.070 seconds
[2025-02-04T18:08:57.002+0000] {processor.py:186} INFO - Started process (PID=160) to work on /opt/airflow/dags/dag.py
[2025-02-04T18:08:57.007+0000] {processor.py:914} INFO - Processing file /opt/airflow/dags/dag.py for tasks to queue
[2025-02-04T18:08:57.016+0000] {logging_mixin.py:190} INFO - [2025-02-04T18:08:57.015+0000] {dagbag.py:588} INFO - Filling up the DagBag from /opt/airflow/dags/dag.py
[2025-02-04T18:08:57.037+0000] {processor.py:925} INFO - DAG(s) 'fetch_and_store_amazon_books' retrieved from /opt/airflow/dags/dag.py
[2025-02-04T18:08:57.070+0000] {logging_mixin.py:190} INFO - [2025-02-04T18:08:57.070+0000] {dag.py:3239} INFO - Sync 1 DAGs
[2025-02-04T18:08:57.094+0000] {logging_mixin.py:190} INFO - [2025-02-04T18:08:57.094+0000] {dag.py:4180} INFO - Setting next_dagrun for fetch_and_store_amazon_books to None, run_after=None
[2025-02-04T18:08:57.113+0000] {processor.py:208} INFO - Processing /opt/airflow/dags/dag.py took 0.127 seconds
[2025-02-04T18:09:27.775+0000] {processor.py:186} INFO - Started process (PID=224) to work on /opt/airflow/dags/dag.py
[2025-02-04T18:09:27.777+0000] {processor.py:914} INFO - Processing file /opt/airflow/dags/dag.py for tasks to queue
[2025-02-04T18:09:27.783+0000] {logging_mixin.py:190} INFO - [2025-02-04T18:09:27.782+0000] {dagbag.py:588} INFO - Filling up the DagBag from /opt/airflow/dags/dag.py
[2025-02-04T18:09:27.799+0000] {processor.py:925} INFO - DAG(s) 'fetch_and_store_amazon_books' retrieved from /opt/airflow/dags/dag.py
[2025-02-04T18:09:27.825+0000] {logging_mixin.py:190} INFO - [2025-02-04T18:09:27.825+0000] {dag.py:3239} INFO - Sync 1 DAGs
[2025-02-04T18:09:27.849+0000] {logging_mixin.py:190} INFO - [2025-02-04T18:09:27.848+0000] {dag.py:4180} INFO - Setting next_dagrun for fetch_and_store_amazon_books to None, run_after=None
[2025-02-04T18:09:27.862+0000] {processor.py:208} INFO - Processing /opt/airflow/dags/dag.py took 0.099 seconds
[2025-02-04T18:09:58.050+0000] {processor.py:186} INFO - Started process (PID=288) to work on /opt/airflow/dags/dag.py
[2025-02-04T18:09:58.052+0000] {processor.py:914} INFO - Processing file /opt/airflow/dags/dag.py for tasks to queue
[2025-02-04T18:09:58.057+0000] {logging_mixin.py:190} INFO - [2025-02-04T18:09:58.057+0000] {dagbag.py:588} INFO - Filling up the DagBag from /opt/airflow/dags/dag.py
[2025-02-04T18:09:58.070+0000] {processor.py:925} INFO - DAG(s) 'fetch_and_store_amazon_books' retrieved from /opt/airflow/dags/dag.py
[2025-02-04T18:09:58.089+0000] {logging_mixin.py:190} INFO - [2025-02-04T18:09:58.089+0000] {dag.py:3239} INFO - Sync 1 DAGs
[2025-02-04T18:09:58.107+0000] {logging_mixin.py:190} INFO - [2025-02-04T18:09:58.107+0000] {dag.py:4180} INFO - Setting next_dagrun for fetch_and_store_amazon_books to None, run_after=None
[2025-02-04T18:09:58.118+0000] {processor.py:208} INFO - Processing /opt/airflow/dags/dag.py took 0.077 seconds
[2025-02-04T18:10:29.187+0000] {processor.py:186} INFO - Started process (PID=351) to work on /opt/airflow/dags/dag.py
[2025-02-04T18:10:29.189+0000] {processor.py:914} INFO - Processing file /opt/airflow/dags/dag.py for tasks to queue
[2025-02-04T18:10:29.194+0000] {logging_mixin.py:190} INFO - [2025-02-04T18:10:29.194+0000] {dagbag.py:588} INFO - Filling up the DagBag from /opt/airflow/dags/dag.py
[2025-02-04T18:10:29.207+0000] {processor.py:925} INFO - DAG(s) 'fetch_and_store_amazon_books' retrieved from /opt/airflow/dags/dag.py
[2025-02-04T18:10:29.225+0000] {logging_mixin.py:190} INFO - [2025-02-04T18:10:29.225+0000] {dag.py:3239} INFO - Sync 1 DAGs
[2025-02-04T18:10:29.245+0000] {logging_mixin.py:190} INFO - [2025-02-04T18:10:29.245+0000] {dag.py:4180} INFO - Setting next_dagrun for fetch_and_store_amazon_books to None, run_after=None
[2025-02-04T18:10:29.256+0000] {processor.py:208} INFO - Processing /opt/airflow/dags/dag.py took 0.078 seconds
[2025-02-04T18:11:00.094+0000] {processor.py:186} INFO - Started process (PID=414) to work on /opt/airflow/dags/dag.py
[2025-02-04T18:11:00.098+0000] {processor.py:914} INFO - Processing file /opt/airflow/dags/dag.py for tasks to queue
[2025-02-04T18:11:00.104+0000] {logging_mixin.py:190} INFO - [2025-02-04T18:11:00.104+0000] {dagbag.py:588} INFO - Filling up the DagBag from /opt/airflow/dags/dag.py
[2025-02-04T18:11:00.116+0000] {processor.py:925} INFO - DAG(s) 'fetch_and_store_amazon_books' retrieved from /opt/airflow/dags/dag.py
[2025-02-04T18:11:00.134+0000] {logging_mixin.py:190} INFO - [2025-02-04T18:11:00.134+0000] {dag.py:3239} INFO - Sync 1 DAGs
[2025-02-04T18:11:00.154+0000] {logging_mixin.py:190} INFO - [2025-02-04T18:11:00.154+0000] {dag.py:4180} INFO - Setting next_dagrun for fetch_and_store_amazon_books to None, run_after=None
[2025-02-04T18:11:00.167+0000] {processor.py:208} INFO - Processing /opt/airflow/dags/dag.py took 0.084 seconds
[2025-02-04T18:11:30.511+0000] {processor.py:186} INFO - Started process (PID=478) to work on /opt/airflow/dags/dag.py
[2025-02-04T18:11:30.513+0000] {processor.py:914} INFO - Processing file /opt/airflow/dags/dag.py for tasks to queue
[2025-02-04T18:11:30.519+0000] {logging_mixin.py:190} INFO - [2025-02-04T18:11:30.518+0000] {dagbag.py:588} INFO - Filling up the DagBag from /opt/airflow/dags/dag.py
[2025-02-04T18:11:30.535+0000] {processor.py:925} INFO - DAG(s) 'fetch_and_store_amazon_books' retrieved from /opt/airflow/dags/dag.py
[2025-02-04T18:11:30.566+0000] {logging_mixin.py:190} INFO - [2025-02-04T18:11:30.566+0000] {dag.py:3239} INFO - Sync 1 DAGs
[2025-02-04T18:11:30.592+0000] {logging_mixin.py:190} INFO - [2025-02-04T18:11:30.592+0000] {dag.py:4180} INFO - Setting next_dagrun for fetch_and_store_amazon_books to None, run_after=None
[2025-02-04T18:11:30.605+0000] {processor.py:208} INFO - Processing /opt/airflow/dags/dag.py took 0.109 seconds
[2025-02-04T18:12:00.909+0000] {processor.py:186} INFO - Started process (PID=542) to work on /opt/airflow/dags/dag.py
[2025-02-04T18:12:00.911+0000] {processor.py:914} INFO - Processing file /opt/airflow/dags/dag.py for tasks to queue
[2025-02-04T18:12:00.916+0000] {logging_mixin.py:190} INFO - [2025-02-04T18:12:00.916+0000] {dagbag.py:588} INFO - Filling up the DagBag from /opt/airflow/dags/dag.py
[2025-02-04T18:12:00.938+0000] {processor.py:925} INFO - DAG(s) 'fetch_and_store_amazon_books' retrieved from /opt/airflow/dags/dag.py
[2025-02-04T18:12:00.959+0000] {logging_mixin.py:190} INFO - [2025-02-04T18:12:00.959+0000] {dag.py:3239} INFO - Sync 1 DAGs
[2025-02-04T18:12:00.984+0000] {logging_mixin.py:190} INFO - [2025-02-04T18:12:00.984+0000] {dag.py:4180} INFO - Setting next_dagrun for fetch_and_store_amazon_books to None, run_after=None
[2025-02-04T18:12:00.997+0000] {processor.py:208} INFO - Processing /opt/airflow/dags/dag.py took 0.096 seconds
[2025-02-04T18:12:31.391+0000] {processor.py:186} INFO - Started process (PID=606) to work on /opt/airflow/dags/dag.py
[2025-02-04T18:12:31.393+0000] {processor.py:914} INFO - Processing file /opt/airflow/dags/dag.py for tasks to queue
[2025-02-04T18:12:31.402+0000] {logging_mixin.py:190} INFO - [2025-02-04T18:12:31.402+0000] {dagbag.py:588} INFO - Filling up the DagBag from /opt/airflow/dags/dag.py
[2025-02-04T18:12:31.421+0000] {processor.py:925} INFO - DAG(s) 'fetch_and_store_amazon_books' retrieved from /opt/airflow/dags/dag.py
[2025-02-04T18:12:31.443+0000] {logging_mixin.py:190} INFO - [2025-02-04T18:12:31.443+0000] {dag.py:3239} INFO - Sync 1 DAGs
[2025-02-04T18:12:31.475+0000] {logging_mixin.py:190} INFO - [2025-02-04T18:12:31.475+0000] {dag.py:4180} INFO - Setting next_dagrun for fetch_and_store_amazon_books to None, run_after=None
[2025-02-04T18:12:31.497+0000] {processor.py:208} INFO - Processing /opt/airflow/dags/dag.py took 0.114 seconds
[2025-02-04T18:13:01.904+0000] {processor.py:186} INFO - Started process (PID=670) to work on /opt/airflow/dags/dag.py
[2025-02-04T18:13:01.907+0000] {processor.py:914} INFO - Processing file /opt/airflow/dags/dag.py for tasks to queue
[2025-02-04T18:13:01.913+0000] {logging_mixin.py:190} INFO - [2025-02-04T18:13:01.913+0000] {dagbag.py:588} INFO - Filling up the DagBag from /opt/airflow/dags/dag.py
[2025-02-04T18:13:01.933+0000] {processor.py:925} INFO - DAG(s) 'fetch_and_store_amazon_books' retrieved from /opt/airflow/dags/dag.py
[2025-02-04T18:13:01.962+0000] {logging_mixin.py:190} INFO - [2025-02-04T18:13:01.962+0000] {dag.py:3239} INFO - Sync 1 DAGs
[2025-02-04T18:13:01.986+0000] {logging_mixin.py:190} INFO - [2025-02-04T18:13:01.985+0000] {dag.py:4180} INFO - Setting next_dagrun for fetch_and_store_amazon_books to None, run_after=None
[2025-02-04T18:13:02.000+0000] {processor.py:208} INFO - Processing /opt/airflow/dags/dag.py took 0.107 seconds
[2025-02-04T18:13:32.315+0000] {processor.py:186} INFO - Started process (PID=734) to work on /opt/airflow/dags/dag.py
[2025-02-04T18:13:32.317+0000] {processor.py:914} INFO - Processing file /opt/airflow/dags/dag.py for tasks to queue
[2025-02-04T18:13:32.322+0000] {logging_mixin.py:190} INFO - [2025-02-04T18:13:32.322+0000] {dagbag.py:588} INFO - Filling up the DagBag from /opt/airflow/dags/dag.py
[2025-02-04T18:13:32.336+0000] {processor.py:925} INFO - DAG(s) 'fetch_and_store_amazon_books' retrieved from /opt/airflow/dags/dag.py
[2025-02-04T18:13:32.352+0000] {logging_mixin.py:190} INFO - [2025-02-04T18:13:32.352+0000] {dag.py:3239} INFO - Sync 1 DAGs
[2025-02-04T18:13:32.370+0000] {logging_mixin.py:190} INFO - [2025-02-04T18:13:32.370+0000] {dag.py:4180} INFO - Setting next_dagrun for fetch_and_store_amazon_books to None, run_after=None
[2025-02-04T18:13:32.382+0000] {processor.py:208} INFO - Processing /opt/airflow/dags/dag.py took 0.074 seconds
[2025-02-04T18:14:02.504+0000] {processor.py:186} INFO - Started process (PID=798) to work on /opt/airflow/dags/dag.py
[2025-02-04T18:14:02.507+0000] {processor.py:914} INFO - Processing file /opt/airflow/dags/dag.py for tasks to queue
[2025-02-04T18:14:02.515+0000] {logging_mixin.py:190} INFO - [2025-02-04T18:14:02.515+0000] {dagbag.py:588} INFO - Filling up the DagBag from /opt/airflow/dags/dag.py
[2025-02-04T18:14:02.551+0000] {processor.py:925} INFO - DAG(s) 'fetch_and_store_amazon_books' retrieved from /opt/airflow/dags/dag.py
[2025-02-04T18:14:02.590+0000] {logging_mixin.py:190} INFO - [2025-02-04T18:14:02.590+0000] {dag.py:3239} INFO - Sync 1 DAGs
[2025-02-04T18:14:02.637+0000] {logging_mixin.py:190} INFO - [2025-02-04T18:14:02.636+0000] {dag.py:4180} INFO - Setting next_dagrun for fetch_and_store_amazon_books to None, run_after=None
[2025-02-04T18:14:02.666+0000] {processor.py:208} INFO - Processing /opt/airflow/dags/dag.py took 0.184 seconds
[2025-02-04T18:14:09.249+0000] {processor.py:186} INFO - Started process (PID=806) to work on /opt/airflow/dags/dag.py
[2025-02-04T18:14:09.252+0000] {processor.py:914} INFO - Processing file /opt/airflow/dags/dag.py for tasks to queue
[2025-02-04T18:14:09.258+0000] {logging_mixin.py:190} INFO - [2025-02-04T18:14:09.257+0000] {dagbag.py:588} INFO - Filling up the DagBag from /opt/airflow/dags/dag.py
[2025-02-04T18:14:09.284+0000] {processor.py:925} INFO - DAG(s) 'fetch_and_store_amazon_books' retrieved from /opt/airflow/dags/dag.py
[2025-02-04T18:14:09.393+0000] {logging_mixin.py:190} INFO - [2025-02-04T18:14:09.393+0000] {dag.py:3239} INFO - Sync 1 DAGs
[2025-02-04T18:14:09.410+0000] {logging_mixin.py:190} INFO - [2025-02-04T18:14:09.410+0000] {dag.py:4180} INFO - Setting next_dagrun for fetch_and_store_amazon_books to None, run_after=None
[2025-02-04T18:14:09.449+0000] {processor.py:208} INFO - Processing /opt/airflow/dags/dag.py took 0.208 seconds
[2025-02-04T18:14:39.618+0000] {processor.py:186} INFO - Started process (PID=870) to work on /opt/airflow/dags/dag.py
[2025-02-04T18:14:39.621+0000] {processor.py:914} INFO - Processing file /opt/airflow/dags/dag.py for tasks to queue
[2025-02-04T18:14:39.626+0000] {logging_mixin.py:190} INFO - [2025-02-04T18:14:39.625+0000] {dagbag.py:588} INFO - Filling up the DagBag from /opt/airflow/dags/dag.py
[2025-02-04T18:14:39.665+0000] {processor.py:925} INFO - DAG(s) 'fetch_and_store_amazon_books' retrieved from /opt/airflow/dags/dag.py
[2025-02-04T18:14:39.697+0000] {logging_mixin.py:190} INFO - [2025-02-04T18:14:39.697+0000] {dag.py:3239} INFO - Sync 1 DAGs
[2025-02-04T18:14:39.718+0000] {logging_mixin.py:190} INFO - [2025-02-04T18:14:39.718+0000] {dag.py:4180} INFO - Setting next_dagrun for fetch_and_store_amazon_books to None, run_after=None
[2025-02-04T18:14:39.735+0000] {processor.py:208} INFO - Processing /opt/airflow/dags/dag.py took 0.126 seconds
[2025-02-04T18:15:10.692+0000] {processor.py:186} INFO - Started process (PID=933) to work on /opt/airflow/dags/dag.py
[2025-02-04T18:15:10.696+0000] {processor.py:914} INFO - Processing file /opt/airflow/dags/dag.py for tasks to queue
[2025-02-04T18:15:10.702+0000] {logging_mixin.py:190} INFO - [2025-02-04T18:15:10.702+0000] {dagbag.py:588} INFO - Filling up the DagBag from /opt/airflow/dags/dag.py
[2025-02-04T18:15:10.725+0000] {processor.py:925} INFO - DAG(s) 'fetch_and_store_amazon_books' retrieved from /opt/airflow/dags/dag.py
[2025-02-04T18:15:10.759+0000] {logging_mixin.py:190} INFO - [2025-02-04T18:15:10.759+0000] {dag.py:3239} INFO - Sync 1 DAGs
[2025-02-04T18:15:10.785+0000] {logging_mixin.py:190} INFO - [2025-02-04T18:15:10.784+0000] {dag.py:4180} INFO - Setting next_dagrun for fetch_and_store_amazon_books to None, run_after=None
[2025-02-04T18:15:10.797+0000] {processor.py:208} INFO - Processing /opt/airflow/dags/dag.py took 0.115 seconds
[2025-02-04T18:15:41.321+0000] {processor.py:186} INFO - Started process (PID=997) to work on /opt/airflow/dags/dag.py
[2025-02-04T18:15:41.324+0000] {processor.py:914} INFO - Processing file /opt/airflow/dags/dag.py for tasks to queue
[2025-02-04T18:15:41.328+0000] {logging_mixin.py:190} INFO - [2025-02-04T18:15:41.327+0000] {dagbag.py:588} INFO - Filling up the DagBag from /opt/airflow/dags/dag.py
[2025-02-04T18:15:41.341+0000] {processor.py:925} INFO - DAG(s) 'fetch_and_store_amazon_books' retrieved from /opt/airflow/dags/dag.py
[2025-02-04T18:15:41.355+0000] {logging_mixin.py:190} INFO - [2025-02-04T18:15:41.355+0000] {dag.py:3239} INFO - Sync 1 DAGs
[2025-02-04T18:15:41.371+0000] {logging_mixin.py:190} INFO - [2025-02-04T18:15:41.371+0000] {dag.py:4180} INFO - Setting next_dagrun for fetch_and_store_amazon_books to None, run_after=None
[2025-02-04T18:15:41.382+0000] {processor.py:208} INFO - Processing /opt/airflow/dags/dag.py took 0.068 seconds
[2025-02-04T18:16:11.603+0000] {processor.py:186} INFO - Started process (PID=1061) to work on /opt/airflow/dags/dag.py
[2025-02-04T18:16:11.607+0000] {processor.py:914} INFO - Processing file /opt/airflow/dags/dag.py for tasks to queue
[2025-02-04T18:16:11.612+0000] {logging_mixin.py:190} INFO - [2025-02-04T18:16:11.612+0000] {dagbag.py:588} INFO - Filling up the DagBag from /opt/airflow/dags/dag.py
[2025-02-04T18:16:11.625+0000] {processor.py:925} INFO - DAG(s) 'fetch_and_store_amazon_books' retrieved from /opt/airflow/dags/dag.py
[2025-02-04T18:16:11.661+0000] {logging_mixin.py:190} INFO - [2025-02-04T18:16:11.661+0000] {dag.py:3239} INFO - Sync 1 DAGs
[2025-02-04T18:16:11.690+0000] {logging_mixin.py:190} INFO - [2025-02-04T18:16:11.690+0000] {dag.py:4180} INFO - Setting next_dagrun for fetch_and_store_amazon_books to None, run_after=None
[2025-02-04T18:16:11.707+0000] {processor.py:208} INFO - Processing /opt/airflow/dags/dag.py took 0.109 seconds
[2025-02-04T18:16:33.994+0000] {processor.py:186} INFO - Started process (PID=1118) to work on /opt/airflow/dags/dag.py
[2025-02-04T18:16:33.997+0000] {processor.py:914} INFO - Processing file /opt/airflow/dags/dag.py for tasks to queue
[2025-02-04T18:16:34.002+0000] {logging_mixin.py:190} INFO - [2025-02-04T18:16:34.001+0000] {dagbag.py:588} INFO - Filling up the DagBag from /opt/airflow/dags/dag.py
[2025-02-04T18:16:34.195+0000] {processor.py:925} INFO - DAG(s) 'fetch_and_store_amazon_books' retrieved from /opt/airflow/dags/dag.py
[2025-02-04T18:16:34.292+0000] {logging_mixin.py:190} INFO - [2025-02-04T18:16:34.291+0000] {dag.py:3239} INFO - Sync 1 DAGs
[2025-02-04T18:16:34.308+0000] {logging_mixin.py:190} INFO - [2025-02-04T18:16:34.308+0000] {dag.py:4180} INFO - Setting next_dagrun for fetch_and_store_amazon_books to 2024-06-20 00:00:00+00:00, run_after=2024-06-21 00:00:00+00:00
[2025-02-04T18:16:34.326+0000] {processor.py:208} INFO - Processing /opt/airflow/dags/dag.py took 0.338 seconds
[2025-02-04T18:17:05.262+0000] {processor.py:186} INFO - Started process (PID=1183) to work on /opt/airflow/dags/dag.py
[2025-02-04T18:17:05.265+0000] {processor.py:914} INFO - Processing file /opt/airflow/dags/dag.py for tasks to queue
[2025-02-04T18:17:05.272+0000] {logging_mixin.py:190} INFO - [2025-02-04T18:17:05.271+0000] {dagbag.py:588} INFO - Filling up the DagBag from /opt/airflow/dags/dag.py
[2025-02-04T18:17:05.392+0000] {processor.py:925} INFO - DAG(s) 'fetch_and_store_amazon_books' retrieved from /opt/airflow/dags/dag.py
[2025-02-04T18:17:05.427+0000] {logging_mixin.py:190} INFO - [2025-02-04T18:17:05.427+0000] {dag.py:3239} INFO - Sync 1 DAGs
[2025-02-04T18:17:05.453+0000] {logging_mixin.py:190} INFO - [2025-02-04T18:17:05.453+0000] {dag.py:4180} INFO - Setting next_dagrun for fetch_and_store_amazon_books to 2024-06-20 00:00:00+00:00, run_after=2024-06-21 00:00:00+00:00
[2025-02-04T18:17:05.473+0000] {processor.py:208} INFO - Processing /opt/airflow/dags/dag.py took 0.221 seconds
[2025-02-04T18:17:35.695+0000] {processor.py:186} INFO - Started process (PID=1247) to work on /opt/airflow/dags/dag.py
[2025-02-04T18:17:35.698+0000] {processor.py:914} INFO - Processing file /opt/airflow/dags/dag.py for tasks to queue
[2025-02-04T18:17:35.703+0000] {logging_mixin.py:190} INFO - [2025-02-04T18:17:35.702+0000] {dagbag.py:588} INFO - Filling up the DagBag from /opt/airflow/dags/dag.py
[2025-02-04T18:17:35.801+0000] {processor.py:925} INFO - DAG(s) 'fetch_and_store_amazon_books' retrieved from /opt/airflow/dags/dag.py
[2025-02-04T18:17:35.820+0000] {logging_mixin.py:190} INFO - [2025-02-04T18:17:35.820+0000] {dag.py:3239} INFO - Sync 1 DAGs
[2025-02-04T18:17:35.835+0000] {logging_mixin.py:190} INFO - [2025-02-04T18:17:35.835+0000] {dag.py:4180} INFO - Setting next_dagrun for fetch_and_store_amazon_books to 2024-06-20 00:00:00+00:00, run_after=2024-06-21 00:00:00+00:00
[2025-02-04T18:17:35.853+0000] {processor.py:208} INFO - Processing /opt/airflow/dags/dag.py took 0.166 seconds
[2025-02-04T18:18:06.134+0000] {processor.py:186} INFO - Started process (PID=1311) to work on /opt/airflow/dags/dag.py
[2025-02-04T18:18:06.136+0000] {processor.py:914} INFO - Processing file /opt/airflow/dags/dag.py for tasks to queue
[2025-02-04T18:18:06.142+0000] {logging_mixin.py:190} INFO - [2025-02-04T18:18:06.141+0000] {dagbag.py:588} INFO - Filling up the DagBag from /opt/airflow/dags/dag.py
[2025-02-04T18:18:06.221+0000] {processor.py:925} INFO - DAG(s) 'fetch_and_store_amazon_books' retrieved from /opt/airflow/dags/dag.py
[2025-02-04T18:18:06.238+0000] {logging_mixin.py:190} INFO - [2025-02-04T18:18:06.238+0000] {dag.py:3239} INFO - Sync 1 DAGs
[2025-02-04T18:18:06.254+0000] {logging_mixin.py:190} INFO - [2025-02-04T18:18:06.254+0000] {dag.py:4180} INFO - Setting next_dagrun for fetch_and_store_amazon_books to 2024-06-20 00:00:00+00:00, run_after=2024-06-21 00:00:00+00:00
[2025-02-04T18:18:06.267+0000] {processor.py:208} INFO - Processing /opt/airflow/dags/dag.py took 0.144 seconds
[2025-02-04T18:18:36.384+0000] {processor.py:186} INFO - Started process (PID=1375) to work on /opt/airflow/dags/dag.py
[2025-02-04T18:18:36.388+0000] {processor.py:914} INFO - Processing file /opt/airflow/dags/dag.py for tasks to queue
[2025-02-04T18:18:36.392+0000] {logging_mixin.py:190} INFO - [2025-02-04T18:18:36.392+0000] {dagbag.py:588} INFO - Filling up the DagBag from /opt/airflow/dags/dag.py
[2025-02-04T18:18:36.624+0000] {processor.py:925} INFO - DAG(s) 'fetch_and_store_amazon_books' retrieved from /opt/airflow/dags/dag.py
[2025-02-04T18:18:36.657+0000] {logging_mixin.py:190} INFO - [2025-02-04T18:18:36.657+0000] {dag.py:3239} INFO - Sync 1 DAGs
[2025-02-04T18:18:36.677+0000] {logging_mixin.py:190} INFO - [2025-02-04T18:18:36.676+0000] {dag.py:4180} INFO - Setting next_dagrun for fetch_and_store_amazon_books to 2024-06-20 00:00:00+00:00, run_after=2024-06-21 00:00:00+00:00
[2025-02-04T18:18:36.694+0000] {processor.py:208} INFO - Processing /opt/airflow/dags/dag.py took 0.318 seconds
[2025-02-04T18:19:06.804+0000] {processor.py:186} INFO - Started process (PID=1439) to work on /opt/airflow/dags/dag.py
[2025-02-04T18:19:06.806+0000] {processor.py:914} INFO - Processing file /opt/airflow/dags/dag.py for tasks to queue
[2025-02-04T18:19:06.812+0000] {logging_mixin.py:190} INFO - [2025-02-04T18:19:06.811+0000] {dagbag.py:588} INFO - Filling up the DagBag from /opt/airflow/dags/dag.py
[2025-02-04T18:19:06.921+0000] {processor.py:925} INFO - DAG(s) 'fetch_and_store_amazon_books' retrieved from /opt/airflow/dags/dag.py
[2025-02-04T18:19:06.941+0000] {logging_mixin.py:190} INFO - [2025-02-04T18:19:06.941+0000] {dag.py:3239} INFO - Sync 1 DAGs
[2025-02-04T18:19:06.959+0000] {logging_mixin.py:190} INFO - [2025-02-04T18:19:06.959+0000] {dag.py:4180} INFO - Setting next_dagrun for fetch_and_store_amazon_books to 2024-06-20 00:00:00+00:00, run_after=2024-06-21 00:00:00+00:00
[2025-02-04T18:19:06.979+0000] {processor.py:208} INFO - Processing /opt/airflow/dags/dag.py took 0.186 seconds
[2025-02-04T18:19:17.468+0000] {processor.py:186} INFO - Started process (PID=1452) to work on /opt/airflow/dags/dag.py
[2025-02-04T18:19:17.471+0000] {processor.py:914} INFO - Processing file /opt/airflow/dags/dag.py for tasks to queue
[2025-02-04T18:19:17.474+0000] {logging_mixin.py:190} INFO - [2025-02-04T18:19:17.474+0000] {dagbag.py:588} INFO - Filling up the DagBag from /opt/airflow/dags/dag.py
[2025-02-04T18:19:17.546+0000] {processor.py:925} INFO - DAG(s) 'fetch_and_store_amazon_books' retrieved from /opt/airflow/dags/dag.py
[2025-02-04T18:19:17.563+0000] {logging_mixin.py:190} INFO - [2025-02-04T18:19:17.563+0000] {dag.py:3239} INFO - Sync 1 DAGs
[2025-02-04T18:19:17.578+0000] {logging_mixin.py:190} INFO - [2025-02-04T18:19:17.578+0000] {dag.py:4180} INFO - Setting next_dagrun for fetch_and_store_amazon_books to 2024-06-20 00:00:00+00:00, run_after=2024-06-21 00:00:00+00:00
[2025-02-04T18:19:17.592+0000] {processor.py:208} INFO - Processing /opt/airflow/dags/dag.py took 0.131 seconds
[2025-02-04T18:19:44.952+0000] {processor.py:186} INFO - Started process (PID=1516) to work on /opt/airflow/dags/dag.py
[2025-02-04T18:19:44.955+0000] {processor.py:914} INFO - Processing file /opt/airflow/dags/dag.py for tasks to queue
[2025-02-04T18:19:44.963+0000] {logging_mixin.py:190} INFO - [2025-02-04T18:19:44.962+0000] {dagbag.py:588} INFO - Filling up the DagBag from /opt/airflow/dags/dag.py
[2025-02-04T18:19:45.096+0000] {processor.py:925} INFO - DAG(s) 'fetch_and_store_amazon_books' retrieved from /opt/airflow/dags/dag.py
[2025-02-04T18:19:45.130+0000] {logging_mixin.py:190} INFO - [2025-02-04T18:19:45.129+0000] {dag.py:3239} INFO - Sync 1 DAGs
[2025-02-04T18:19:45.153+0000] {logging_mixin.py:190} INFO - [2025-02-04T18:19:45.153+0000] {dag.py:4180} INFO - Setting next_dagrun for fetch_and_store_amazon_books to 2024-06-20 00:00:00+00:00, run_after=2024-06-21 00:00:00+00:00
[2025-02-04T18:19:45.171+0000] {processor.py:208} INFO - Processing /opt/airflow/dags/dag.py took 0.228 seconds
[2025-02-04T18:20:15.389+0000] {processor.py:186} INFO - Started process (PID=1580) to work on /opt/airflow/dags/dag.py
[2025-02-04T18:20:15.392+0000] {processor.py:914} INFO - Processing file /opt/airflow/dags/dag.py for tasks to queue
[2025-02-04T18:20:15.395+0000] {logging_mixin.py:190} INFO - [2025-02-04T18:20:15.395+0000] {dagbag.py:588} INFO - Filling up the DagBag from /opt/airflow/dags/dag.py
[2025-02-04T18:20:15.493+0000] {processor.py:925} INFO - DAG(s) 'fetch_and_store_amazon_books' retrieved from /opt/airflow/dags/dag.py
[2025-02-04T18:20:15.528+0000] {logging_mixin.py:190} INFO - [2025-02-04T18:20:15.528+0000] {dag.py:3239} INFO - Sync 1 DAGs
[2025-02-04T18:20:15.545+0000] {logging_mixin.py:190} INFO - [2025-02-04T18:20:15.545+0000] {dag.py:4180} INFO - Setting next_dagrun for fetch_and_store_amazon_books to 2024-06-20 00:00:00+00:00, run_after=2024-06-21 00:00:00+00:00
[2025-02-04T18:20:15.558+0000] {processor.py:208} INFO - Processing /opt/airflow/dags/dag.py took 0.175 seconds
[2025-02-04T18:20:45.934+0000] {processor.py:186} INFO - Started process (PID=1644) to work on /opt/airflow/dags/dag.py
[2025-02-04T18:20:45.937+0000] {processor.py:914} INFO - Processing file /opt/airflow/dags/dag.py for tasks to queue
[2025-02-04T18:20:45.942+0000] {logging_mixin.py:190} INFO - [2025-02-04T18:20:45.941+0000] {dagbag.py:588} INFO - Filling up the DagBag from /opt/airflow/dags/dag.py
[2025-02-04T18:20:46.025+0000] {processor.py:925} INFO - DAG(s) 'fetch_and_store_amazon_books' retrieved from /opt/airflow/dags/dag.py
[2025-02-04T18:20:46.050+0000] {logging_mixin.py:190} INFO - [2025-02-04T18:20:46.049+0000] {dag.py:3239} INFO - Sync 1 DAGs
[2025-02-04T18:20:46.069+0000] {logging_mixin.py:190} INFO - [2025-02-04T18:20:46.069+0000] {dag.py:4180} INFO - Setting next_dagrun for fetch_and_store_amazon_books to 2024-06-20 00:00:00+00:00, run_after=2024-06-21 00:00:00+00:00
[2025-02-04T18:20:46.084+0000] {processor.py:208} INFO - Processing /opt/airflow/dags/dag.py took 0.157 seconds
[2025-02-04T18:21:16.243+0000] {processor.py:186} INFO - Started process (PID=1708) to work on /opt/airflow/dags/dag.py
[2025-02-04T18:21:16.247+0000] {processor.py:914} INFO - Processing file /opt/airflow/dags/dag.py for tasks to queue
[2025-02-04T18:21:16.255+0000] {logging_mixin.py:190} INFO - [2025-02-04T18:21:16.254+0000] {dagbag.py:588} INFO - Filling up the DagBag from /opt/airflow/dags/dag.py
[2025-02-04T18:21:16.437+0000] {processor.py:925} INFO - DAG(s) 'fetch_and_store_amazon_books' retrieved from /opt/airflow/dags/dag.py
[2025-02-04T18:21:16.466+0000] {logging_mixin.py:190} INFO - [2025-02-04T18:21:16.466+0000] {dag.py:3239} INFO - Sync 1 DAGs
[2025-02-04T18:21:16.488+0000] {logging_mixin.py:190} INFO - [2025-02-04T18:21:16.488+0000] {dag.py:4180} INFO - Setting next_dagrun for fetch_and_store_amazon_books to 2024-06-20 00:00:00+00:00, run_after=2024-06-21 00:00:00+00:00
[2025-02-04T18:21:16.503+0000] {processor.py:208} INFO - Processing /opt/airflow/dags/dag.py took 0.268 seconds
[2025-02-04T18:21:47.155+0000] {processor.py:186} INFO - Started process (PID=1772) to work on /opt/airflow/dags/dag.py
[2025-02-04T18:21:47.158+0000] {processor.py:914} INFO - Processing file /opt/airflow/dags/dag.py for tasks to queue
[2025-02-04T18:21:47.161+0000] {logging_mixin.py:190} INFO - [2025-02-04T18:21:47.161+0000] {dagbag.py:588} INFO - Filling up the DagBag from /opt/airflow/dags/dag.py
[2025-02-04T18:21:47.240+0000] {processor.py:925} INFO - DAG(s) 'fetch_and_store_amazon_books' retrieved from /opt/airflow/dags/dag.py
[2025-02-04T18:21:47.260+0000] {logging_mixin.py:190} INFO - [2025-02-04T18:21:47.260+0000] {dag.py:3239} INFO - Sync 1 DAGs
[2025-02-04T18:21:47.277+0000] {logging_mixin.py:190} INFO - [2025-02-04T18:21:47.276+0000] {dag.py:4180} INFO - Setting next_dagrun for fetch_and_store_amazon_books to 2024-06-20 00:00:00+00:00, run_after=2024-06-21 00:00:00+00:00
[2025-02-04T18:21:47.290+0000] {processor.py:208} INFO - Processing /opt/airflow/dags/dag.py took 0.141 seconds
[2025-02-04T18:22:17.689+0000] {processor.py:186} INFO - Started process (PID=1837) to work on /opt/airflow/dags/dag.py
[2025-02-04T18:22:17.692+0000] {processor.py:914} INFO - Processing file /opt/airflow/dags/dag.py for tasks to queue
[2025-02-04T18:22:17.695+0000] {logging_mixin.py:190} INFO - [2025-02-04T18:22:17.694+0000] {dagbag.py:588} INFO - Filling up the DagBag from /opt/airflow/dags/dag.py
[2025-02-04T18:22:17.761+0000] {processor.py:925} INFO - DAG(s) 'fetch_and_store_amazon_books' retrieved from /opt/airflow/dags/dag.py
[2025-02-04T18:22:17.778+0000] {logging_mixin.py:190} INFO - [2025-02-04T18:22:17.778+0000] {dag.py:3239} INFO - Sync 1 DAGs
[2025-02-04T18:22:17.794+0000] {logging_mixin.py:190} INFO - [2025-02-04T18:22:17.793+0000] {dag.py:4180} INFO - Setting next_dagrun for fetch_and_store_amazon_books to 2024-06-20 00:00:00+00:00, run_after=2024-06-21 00:00:00+00:00
[2025-02-04T18:22:17.807+0000] {processor.py:208} INFO - Processing /opt/airflow/dags/dag.py took 0.124 seconds
[2025-02-04T18:22:48.538+0000] {processor.py:186} INFO - Started process (PID=1901) to work on /opt/airflow/dags/dag.py
[2025-02-04T18:22:48.541+0000] {processor.py:914} INFO - Processing file /opt/airflow/dags/dag.py for tasks to queue
[2025-02-04T18:22:48.546+0000] {logging_mixin.py:190} INFO - [2025-02-04T18:22:48.546+0000] {dagbag.py:588} INFO - Filling up the DagBag from /opt/airflow/dags/dag.py
[2025-02-04T18:22:48.652+0000] {processor.py:925} INFO - DAG(s) 'fetch_and_store_amazon_books' retrieved from /opt/airflow/dags/dag.py
[2025-02-04T18:22:48.682+0000] {logging_mixin.py:190} INFO - [2025-02-04T18:22:48.682+0000] {dag.py:3239} INFO - Sync 1 DAGs
[2025-02-04T18:22:48.715+0000] {logging_mixin.py:190} INFO - [2025-02-04T18:22:48.714+0000] {dag.py:4180} INFO - Setting next_dagrun for fetch_and_store_amazon_books to 2024-06-20 00:00:00+00:00, run_after=2024-06-21 00:00:00+00:00
[2025-02-04T18:22:48.732+0000] {processor.py:208} INFO - Processing /opt/airflow/dags/dag.py took 0.200 seconds
[2025-02-04T18:23:19.050+0000] {processor.py:186} INFO - Started process (PID=1965) to work on /opt/airflow/dags/dag.py
[2025-02-04T18:23:19.054+0000] {processor.py:914} INFO - Processing file /opt/airflow/dags/dag.py for tasks to queue
[2025-02-04T18:23:19.067+0000] {logging_mixin.py:190} INFO - [2025-02-04T18:23:19.066+0000] {dagbag.py:588} INFO - Filling up the DagBag from /opt/airflow/dags/dag.py
[2025-02-04T18:23:19.168+0000] {processor.py:925} INFO - DAG(s) 'fetch_and_store_amazon_books' retrieved from /opt/airflow/dags/dag.py
[2025-02-04T18:23:19.193+0000] {logging_mixin.py:190} INFO - [2025-02-04T18:23:19.192+0000] {dag.py:3239} INFO - Sync 1 DAGs
[2025-02-04T18:23:19.221+0000] {logging_mixin.py:190} INFO - [2025-02-04T18:23:19.221+0000] {dag.py:4180} INFO - Setting next_dagrun for fetch_and_store_amazon_books to 2024-06-20 00:00:00+00:00, run_after=2024-06-21 00:00:00+00:00
[2025-02-04T18:23:19.237+0000] {processor.py:208} INFO - Processing /opt/airflow/dags/dag.py took 0.196 seconds
[2025-02-04T18:23:49.467+0000] {processor.py:186} INFO - Started process (PID=2029) to work on /opt/airflow/dags/dag.py
[2025-02-04T18:23:49.470+0000] {processor.py:914} INFO - Processing file /opt/airflow/dags/dag.py for tasks to queue
[2025-02-04T18:23:49.474+0000] {logging_mixin.py:190} INFO - [2025-02-04T18:23:49.474+0000] {dagbag.py:588} INFO - Filling up the DagBag from /opt/airflow/dags/dag.py
[2025-02-04T18:23:49.585+0000] {processor.py:925} INFO - DAG(s) 'fetch_and_store_amazon_books' retrieved from /opt/airflow/dags/dag.py
[2025-02-04T18:23:49.613+0000] {logging_mixin.py:190} INFO - [2025-02-04T18:23:49.613+0000] {dag.py:3239} INFO - Sync 1 DAGs
[2025-02-04T18:23:49.632+0000] {logging_mixin.py:190} INFO - [2025-02-04T18:23:49.632+0000] {dag.py:4180} INFO - Setting next_dagrun for fetch_and_store_amazon_books to 2024-06-20 00:00:00+00:00, run_after=2024-06-21 00:00:00+00:00
[2025-02-04T18:23:49.644+0000] {processor.py:208} INFO - Processing /opt/airflow/dags/dag.py took 0.185 seconds
[2025-02-04T18:24:19.727+0000] {processor.py:186} INFO - Started process (PID=2093) to work on /opt/airflow/dags/dag.py
[2025-02-04T18:24:19.731+0000] {processor.py:914} INFO - Processing file /opt/airflow/dags/dag.py for tasks to queue
[2025-02-04T18:24:19.734+0000] {logging_mixin.py:190} INFO - [2025-02-04T18:24:19.734+0000] {dagbag.py:588} INFO - Filling up the DagBag from /opt/airflow/dags/dag.py
[2025-02-04T18:24:19.810+0000] {processor.py:925} INFO - DAG(s) 'fetch_and_store_amazon_books' retrieved from /opt/airflow/dags/dag.py
[2025-02-04T18:24:19.831+0000] {logging_mixin.py:190} INFO - [2025-02-04T18:24:19.831+0000] {dag.py:3239} INFO - Sync 1 DAGs
[2025-02-04T18:24:19.849+0000] {logging_mixin.py:190} INFO - [2025-02-04T18:24:19.849+0000] {dag.py:4180} INFO - Setting next_dagrun for fetch_and_store_amazon_books to 2024-06-20 00:00:00+00:00, run_after=2024-06-21 00:00:00+00:00
[2025-02-04T18:24:19.862+0000] {processor.py:208} INFO - Processing /opt/airflow/dags/dag.py took 0.142 seconds
[2025-02-04T18:24:50.379+0000] {processor.py:186} INFO - Started process (PID=2156) to work on /opt/airflow/dags/dag.py
[2025-02-04T18:24:50.383+0000] {processor.py:914} INFO - Processing file /opt/airflow/dags/dag.py for tasks to queue
[2025-02-04T18:24:50.386+0000] {logging_mixin.py:190} INFO - [2025-02-04T18:24:50.386+0000] {dagbag.py:588} INFO - Filling up the DagBag from /opt/airflow/dags/dag.py
[2025-02-04T18:24:50.579+0000] {processor.py:925} INFO - DAG(s) 'fetch_and_store_amazon_books' retrieved from /opt/airflow/dags/dag.py
[2025-02-04T18:24:50.604+0000] {logging_mixin.py:190} INFO - [2025-02-04T18:24:50.604+0000] {dag.py:3239} INFO - Sync 1 DAGs
[2025-02-04T18:24:50.632+0000] {logging_mixin.py:190} INFO - [2025-02-04T18:24:50.632+0000] {dag.py:4180} INFO - Setting next_dagrun for fetch_and_store_amazon_books to 2024-06-20 00:00:00+00:00, run_after=2024-06-21 00:00:00+00:00
[2025-02-04T18:24:50.649+0000] {processor.py:208} INFO - Processing /opt/airflow/dags/dag.py took 0.276 seconds
[2025-02-04T18:25:21.059+0000] {processor.py:186} INFO - Started process (PID=2221) to work on /opt/airflow/dags/dag.py
[2025-02-04T18:25:21.062+0000] {processor.py:914} INFO - Processing file /opt/airflow/dags/dag.py for tasks to queue
[2025-02-04T18:25:21.068+0000] {logging_mixin.py:190} INFO - [2025-02-04T18:25:21.067+0000] {dagbag.py:588} INFO - Filling up the DagBag from /opt/airflow/dags/dag.py
[2025-02-04T18:25:21.152+0000] {processor.py:925} INFO - DAG(s) 'fetch_and_store_amazon_books' retrieved from /opt/airflow/dags/dag.py
[2025-02-04T18:25:21.171+0000] {logging_mixin.py:190} INFO - [2025-02-04T18:25:21.171+0000] {dag.py:3239} INFO - Sync 1 DAGs
[2025-02-04T18:25:21.380+0000] {logging_mixin.py:190} INFO - [2025-02-04T18:25:21.379+0000] {dag.py:4180} INFO - Setting next_dagrun for fetch_and_store_amazon_books to 2024-06-20 00:00:00+00:00, run_after=2024-06-21 00:00:00+00:00
[2025-02-04T18:25:21.521+0000] {processor.py:208} INFO - Processing /opt/airflow/dags/dag.py took 0.467 seconds
[2025-02-04T18:25:51.809+0000] {processor.py:186} INFO - Started process (PID=2285) to work on /opt/airflow/dags/dag.py
[2025-02-04T18:25:51.812+0000] {processor.py:914} INFO - Processing file /opt/airflow/dags/dag.py for tasks to queue
[2025-02-04T18:25:51.815+0000] {logging_mixin.py:190} INFO - [2025-02-04T18:25:51.815+0000] {dagbag.py:588} INFO - Filling up the DagBag from /opt/airflow/dags/dag.py
[2025-02-04T18:25:51.890+0000] {processor.py:925} INFO - DAG(s) 'fetch_and_store_amazon_books' retrieved from /opt/airflow/dags/dag.py
[2025-02-04T18:25:51.906+0000] {logging_mixin.py:190} INFO - [2025-02-04T18:25:51.906+0000] {dag.py:3239} INFO - Sync 1 DAGs
[2025-02-04T18:25:52.085+0000] {logging_mixin.py:190} INFO - [2025-02-04T18:25:52.085+0000] {dag.py:4180} INFO - Setting next_dagrun for fetch_and_store_amazon_books to 2024-06-20 00:00:00+00:00, run_after=2024-06-21 00:00:00+00:00
[2025-02-04T18:25:52.100+0000] {processor.py:208} INFO - Processing /opt/airflow/dags/dag.py took 0.301 seconds
[2025-02-04T18:26:22.644+0000] {processor.py:186} INFO - Started process (PID=2349) to work on /opt/airflow/dags/dag.py
[2025-02-04T18:26:22.648+0000] {processor.py:914} INFO - Processing file /opt/airflow/dags/dag.py for tasks to queue
[2025-02-04T18:26:22.651+0000] {logging_mixin.py:190} INFO - [2025-02-04T18:26:22.651+0000] {dagbag.py:588} INFO - Filling up the DagBag from /opt/airflow/dags/dag.py
[2025-02-04T18:26:22.714+0000] {processor.py:925} INFO - DAG(s) 'fetch_and_store_amazon_books' retrieved from /opt/airflow/dags/dag.py
[2025-02-04T18:26:22.734+0000] {logging_mixin.py:190} INFO - [2025-02-04T18:26:22.733+0000] {dag.py:3239} INFO - Sync 1 DAGs
[2025-02-04T18:26:22.889+0000] {logging_mixin.py:190} INFO - [2025-02-04T18:26:22.889+0000] {dag.py:4180} INFO - Setting next_dagrun for fetch_and_store_amazon_books to 2024-06-20 00:00:00+00:00, run_after=2024-06-21 00:00:00+00:00
[2025-02-04T18:26:22.902+0000] {processor.py:208} INFO - Processing /opt/airflow/dags/dag.py took 0.264 seconds
[2025-02-04T18:26:53.992+0000] {processor.py:186} INFO - Started process (PID=2412) to work on /opt/airflow/dags/dag.py
[2025-02-04T18:26:53.995+0000] {processor.py:914} INFO - Processing file /opt/airflow/dags/dag.py for tasks to queue
[2025-02-04T18:26:54.001+0000] {logging_mixin.py:190} INFO - [2025-02-04T18:26:54.000+0000] {dagbag.py:588} INFO - Filling up the DagBag from /opt/airflow/dags/dag.py
[2025-02-04T18:26:54.090+0000] {processor.py:925} INFO - DAG(s) 'fetch_and_store_amazon_books' retrieved from /opt/airflow/dags/dag.py
[2025-02-04T18:26:54.116+0000] {logging_mixin.py:190} INFO - [2025-02-04T18:26:54.116+0000] {dag.py:3239} INFO - Sync 1 DAGs
[2025-02-04T18:26:54.318+0000] {logging_mixin.py:190} INFO - [2025-02-04T18:26:54.318+0000] {dag.py:4180} INFO - Setting next_dagrun for fetch_and_store_amazon_books to 2024-06-20 00:00:00+00:00, run_after=2024-06-21 00:00:00+00:00
[2025-02-04T18:26:54.335+0000] {processor.py:208} INFO - Processing /opt/airflow/dags/dag.py took 0.348 seconds
[2025-02-04T18:27:28.934+0000] {processor.py:186} INFO - Started process (PID=2444) to work on /opt/airflow/dags/dag.py
[2025-02-04T18:27:28.940+0000] {processor.py:914} INFO - Processing file /opt/airflow/dags/dag.py for tasks to queue
[2025-02-04T18:27:28.950+0000] {logging_mixin.py:190} INFO - [2025-02-04T18:27:28.949+0000] {dagbag.py:588} INFO - Filling up the DagBag from /opt/airflow/dags/dag.py
[2025-02-04T18:27:30.753+0000] {processor.py:925} INFO - DAG(s) 'fetch_and_store_amazon_books' retrieved from /opt/airflow/dags/dag.py
[2025-02-04T18:27:30.847+0000] {logging_mixin.py:190} INFO - [2025-02-04T18:27:30.847+0000] {dag.py:3239} INFO - Sync 1 DAGs
[2025-02-04T18:27:31.320+0000] {processor.py:208} INFO - Processing /opt/airflow/dags/dag.py took 2.411 seconds
[2025-02-04T18:28:03.184+0000] {processor.py:186} INFO - Started process (PID=2509) to work on /opt/airflow/dags/dag.py
[2025-02-04T18:28:03.188+0000] {processor.py:914} INFO - Processing file /opt/airflow/dags/dag.py for tasks to queue
[2025-02-04T18:28:03.195+0000] {logging_mixin.py:190} INFO - [2025-02-04T18:28:03.194+0000] {dagbag.py:588} INFO - Filling up the DagBag from /opt/airflow/dags/dag.py
[2025-02-04T18:28:04.887+0000] {processor.py:925} INFO - DAG(s) 'fetch_and_store_amazon_books' retrieved from /opt/airflow/dags/dag.py
[2025-02-04T18:28:04.945+0000] {logging_mixin.py:190} INFO - [2025-02-04T18:28:04.939+0000] {dag.py:3239} INFO - Sync 1 DAGs
[2025-02-04T18:28:04.997+0000] {processor.py:208} INFO - Processing /opt/airflow/dags/dag.py took 1.828 seconds
[2025-02-04T18:28:43.866+0000] {processor.py:186} INFO - Started process (PID=2565) to work on /opt/airflow/dags/dag.py
[2025-02-04T18:28:43.879+0000] {processor.py:914} INFO - Processing file /opt/airflow/dags/dag.py for tasks to queue
[2025-02-04T18:28:43.890+0000] {logging_mixin.py:190} INFO - [2025-02-04T18:28:43.888+0000] {dagbag.py:588} INFO - Filling up the DagBag from /opt/airflow/dags/dag.py
[2025-02-04T18:28:46.609+0000] {processor.py:925} INFO - DAG(s) 'fetch_and_store_amazon_books' retrieved from /opt/airflow/dags/dag.py
[2025-02-04T18:28:46.753+0000] {logging_mixin.py:190} INFO - [2025-02-04T18:28:46.747+0000] {dag.py:3239} INFO - Sync 1 DAGs
[2025-02-04T18:28:46.852+0000] {processor.py:208} INFO - Processing /opt/airflow/dags/dag.py took 3.038 seconds
[2025-02-04T18:28:54.572+0000] {processor.py:186} INFO - Started process (PID=2583) to work on /opt/airflow/dags/dag.py
[2025-02-04T18:28:54.583+0000] {processor.py:914} INFO - Processing file /opt/airflow/dags/dag.py for tasks to queue
[2025-02-04T18:28:54.617+0000] {logging_mixin.py:190} INFO - [2025-02-04T18:28:54.605+0000] {dagbag.py:588} INFO - Filling up the DagBag from /opt/airflow/dags/dag.py
[2025-02-04T18:29:03.602+0000] {processor.py:925} INFO - DAG(s) 'fetch_and_store_amazon_books' retrieved from /opt/airflow/dags/dag.py
[2025-02-04T18:29:03.867+0000] {logging_mixin.py:190} INFO - [2025-02-04T18:29:03.852+0000] {taskinstance.py:3313} ERROR - {'DAG Id': 'fetch_and_store_amazon_books', 'Task Id': 'fetch_book_data', 'Run Id': 'scheduled__2024-06-25T00:00:00+00:00', 'Hostname': '01f8178c85f9', 'External Executor Id': 'cb39f25d-5a48-427a-b932-0e18330e587b'}
[2025-02-04T18:29:03.965+0000] {logging_mixin.py:190} INFO - Task instance in failure state
[2025-02-04T18:29:03.969+0000] {logging_mixin.py:190} INFO - Task start:2025-02-04 18:28:07.868638+00:00 end:2025-02-04 18:29:03.964106+00:00 duration:56.095468
[2025-02-04T18:29:03.971+0000] {logging_mixin.py:190} INFO - Task:<Task(PythonOperator): fetch_book_data> dag:<DAG: fetch_and_store_amazon_books> dagrun:<DagRun fetch_and_store_amazon_books @ 2024-06-25 00:00:00+00:00: scheduled__2024-06-25T00:00:00+00:00, state:running, queued_at: 2025-02-04 18:27:09.647136+00:00. externally triggered: False>
[2025-02-04T18:29:03.973+0000] {logging_mixin.py:190} INFO - Failure caused by {'DAG Id': 'fetch_and_store_amazon_books', 'Task Id': 'fetch_book_data', 'Run Id': 'scheduled__2024-06-25T00:00:00+00:00', 'Hostname': '01f8178c85f9', 'External Executor Id': 'cb39f25d-5a48-427a-b932-0e18330e587b'}
[2025-02-04T18:29:03.978+0000] {logging_mixin.py:190} INFO - [2025-02-04T18:29:03.977+0000] {taskinstance.py:1225} INFO - Marking task as UP_FOR_RETRY. dag_id=fetch_and_store_amazon_books, task_id=fetch_book_data, run_id=scheduled__2024-06-25T00:00:00+00:00, execution_date=20240625T000000, start_date=20250204T182807, end_date=20250204T182903
[2025-02-04T18:29:04.030+0000] {logging_mixin.py:190} INFO - [2025-02-04T18:29:04.029+0000] {processor.py:876} INFO - Executed callback for <TaskInstance: fetch_and_store_amazon_books.fetch_book_data scheduled__2024-06-25T00:00:00+00:00 [up_for_retry]> in state up_for_retry
[2025-02-04T18:29:04.097+0000] {logging_mixin.py:190} INFO - [2025-02-04T18:29:04.097+0000] {dag.py:3239} INFO - Sync 1 DAGs
[2025-02-04T18:29:04.368+0000] {processor.py:208} INFO - Processing /opt/airflow/dags/dag.py took 9.844 seconds
[2025-02-04T18:29:14.350+0000] {processor.py:186} INFO - Started process (PID=2604) to work on /opt/airflow/dags/dag.py
[2025-02-04T18:29:14.355+0000] {processor.py:914} INFO - Processing file /opt/airflow/dags/dag.py for tasks to queue
[2025-02-04T18:29:14.364+0000] {logging_mixin.py:190} INFO - [2025-02-04T18:29:14.364+0000] {dagbag.py:588} INFO - Filling up the DagBag from /opt/airflow/dags/dag.py
[2025-02-04T18:29:14.781+0000] {processor.py:925} INFO - DAG(s) 'fetch_and_store_amazon_books' retrieved from /opt/airflow/dags/dag.py
[2025-02-04T18:29:14.860+0000] {logging_mixin.py:190} INFO - [2025-02-04T18:29:14.857+0000] {taskinstance.py:3313} ERROR - {'DAG Id': 'fetch_and_store_amazon_books', 'Task Id': 'fetch_book_data', 'Run Id': 'scheduled__2024-06-22T00:00:00+00:00', 'Hostname': '01f8178c85f9', 'External Executor Id': '24af4c10-000f-4b55-a466-b639132cc124'}
[2025-02-04T18:29:16.208+0000] {logging_mixin.py:190} INFO - Task instance in failure state
[2025-02-04T18:29:16.214+0000] {logging_mixin.py:190} INFO - Task start:2025-02-04 18:28:19.278739+00:00 end:2025-02-04 18:29:16.203895+00:00 duration:56.925156
[2025-02-04T18:29:16.222+0000] {logging_mixin.py:190} INFO - Task:<Task(PythonOperator): fetch_book_data> dag:<DAG: fetch_and_store_amazon_books> dagrun:<DagRun fetch_and_store_amazon_books @ 2024-06-22 00:00:00+00:00: scheduled__2024-06-22T00:00:00+00:00, state:running, queued_at: 2025-02-04 18:27:09.288442+00:00. externally triggered: False>
[2025-02-04T18:29:16.224+0000] {logging_mixin.py:190} INFO - Failure caused by {'DAG Id': 'fetch_and_store_amazon_books', 'Task Id': 'fetch_book_data', 'Run Id': 'scheduled__2024-06-22T00:00:00+00:00', 'Hostname': '01f8178c85f9', 'External Executor Id': '24af4c10-000f-4b55-a466-b639132cc124'}
[2025-02-04T18:29:16.227+0000] {logging_mixin.py:190} INFO - [2025-02-04T18:29:16.227+0000] {taskinstance.py:1225} INFO - Marking task as UP_FOR_RETRY. dag_id=fetch_and_store_amazon_books, task_id=fetch_book_data, run_id=scheduled__2024-06-22T00:00:00+00:00, execution_date=20240622T000000, start_date=20250204T182819, end_date=20250204T182916
[2025-02-04T18:29:16.272+0000] {logging_mixin.py:190} INFO - [2025-02-04T18:29:16.272+0000] {processor.py:876} INFO - Executed callback for <TaskInstance: fetch_and_store_amazon_books.fetch_book_data scheduled__2024-06-22T00:00:00+00:00 [up_for_retry]> in state up_for_retry
[2025-02-04T18:29:16.288+0000] {logging_mixin.py:190} INFO - [2025-02-04T18:29:16.288+0000] {taskinstance.py:3313} ERROR - {'DAG Id': 'fetch_and_store_amazon_books', 'Task Id': 'fetch_book_data', 'Run Id': 'scheduled__2024-06-20T00:00:00+00:00', 'Hostname': '01f8178c85f9', 'External Executor Id': '2fdb9430-4df3-44e0-bd6d-8504d14d4db0'}
[2025-02-04T18:29:16.308+0000] {logging_mixin.py:190} INFO - Task instance in failure state
[2025-02-04T18:29:16.310+0000] {logging_mixin.py:190} INFO - Task start:2025-02-04 18:28:02.525774+00:00 end:2025-02-04 18:29:16.307351+00:00 duration:73.781577
[2025-02-04T18:29:16.312+0000] {logging_mixin.py:190} INFO - Task:<Task(PythonOperator): fetch_book_data> dag:<DAG: fetch_and_store_amazon_books> dagrun:<DagRun fetch_and_store_amazon_books @ 2024-06-20 00:00:00+00:00: scheduled__2024-06-20T00:00:00+00:00, state:running, queued_at: 2025-02-04 18:27:08.202895+00:00. externally triggered: False>
[2025-02-04T18:29:16.314+0000] {logging_mixin.py:190} INFO - Failure caused by {'DAG Id': 'fetch_and_store_amazon_books', 'Task Id': 'fetch_book_data', 'Run Id': 'scheduled__2024-06-20T00:00:00+00:00', 'Hostname': '01f8178c85f9', 'External Executor Id': '2fdb9430-4df3-44e0-bd6d-8504d14d4db0'}
[2025-02-04T18:29:16.317+0000] {logging_mixin.py:190} INFO - [2025-02-04T18:29:16.316+0000] {taskinstance.py:1225} INFO - Marking task as UP_FOR_RETRY. dag_id=fetch_and_store_amazon_books, task_id=fetch_book_data, run_id=scheduled__2024-06-20T00:00:00+00:00, execution_date=20240620T000000, start_date=20250204T182802, end_date=20250204T182916
[2025-02-04T18:29:16.326+0000] {logging_mixin.py:190} INFO - [2025-02-04T18:29:16.326+0000] {processor.py:876} INFO - Executed callback for <TaskInstance: fetch_and_store_amazon_books.fetch_book_data scheduled__2024-06-20T00:00:00+00:00 [up_for_retry]> in state up_for_retry
[2025-02-04T18:29:16.375+0000] {logging_mixin.py:190} INFO - [2025-02-04T18:29:16.365+0000] {dag.py:3239} INFO - Sync 1 DAGs
[2025-02-04T18:29:16.478+0000] {processor.py:208} INFO - Processing /opt/airflow/dags/dag.py took 2.146 seconds
[2025-02-04T18:29:48.006+0000] {processor.py:186} INFO - Started process (PID=2670) to work on /opt/airflow/dags/dag.py
[2025-02-04T18:29:48.010+0000] {processor.py:914} INFO - Processing file /opt/airflow/dags/dag.py for tasks to queue
[2025-02-04T18:29:48.016+0000] {logging_mixin.py:190} INFO - [2025-02-04T18:29:48.015+0000] {dagbag.py:588} INFO - Filling up the DagBag from /opt/airflow/dags/dag.py
[2025-02-04T18:29:49.652+0000] {processor.py:925} INFO - DAG(s) 'fetch_and_store_amazon_books' retrieved from /opt/airflow/dags/dag.py
[2025-02-04T18:29:49.685+0000] {logging_mixin.py:190} INFO - [2025-02-04T18:29:49.684+0000] {dag.py:3239} INFO - Sync 1 DAGs
[2025-02-04T18:29:49.743+0000] {processor.py:208} INFO - Processing /opt/airflow/dags/dag.py took 1.744 seconds
[2025-02-04T18:30:32.480+0000] {processor.py:186} INFO - Started process (PID=2731) to work on /opt/airflow/dags/dag.py
[2025-02-04T18:30:32.494+0000] {processor.py:914} INFO - Processing file /opt/airflow/dags/dag.py for tasks to queue
[2025-02-04T18:30:32.516+0000] {logging_mixin.py:190} INFO - [2025-02-04T18:30:32.509+0000] {dagbag.py:588} INFO - Filling up the DagBag from /opt/airflow/dags/dag.py
[2025-02-04T18:30:35.514+0000] {processor.py:925} INFO - DAG(s) 'fetch_and_store_amazon_books' retrieved from /opt/airflow/dags/dag.py
[2025-02-04T18:30:35.602+0000] {logging_mixin.py:190} INFO - [2025-02-04T18:30:35.599+0000] {dag.py:3239} INFO - Sync 1 DAGs
[2025-02-04T18:30:35.701+0000] {processor.py:208} INFO - Processing /opt/airflow/dags/dag.py took 3.329 seconds
[2025-02-04T18:31:11.721+0000] {processor.py:186} INFO - Started process (PID=2751) to work on /opt/airflow/dags/dag.py
[2025-02-04T18:31:11.736+0000] {processor.py:914} INFO - Processing file /opt/airflow/dags/dag.py for tasks to queue
[2025-02-04T18:31:11.749+0000] {logging_mixin.py:190} INFO - [2025-02-04T18:31:11.748+0000] {dagbag.py:588} INFO - Filling up the DagBag from /opt/airflow/dags/dag.py
[2025-02-04T18:31:15.796+0000] {processor.py:925} INFO - DAG(s) 'fetch_and_store_amazon_books' retrieved from /opt/airflow/dags/dag.py
[2025-02-04T18:31:16.358+0000] {logging_mixin.py:190} INFO - [2025-02-04T18:31:16.302+0000] {taskinstance.py:3313} ERROR - {'DAG Id': 'fetch_and_store_amazon_books', 'Task Id': 'fetch_book_data', 'Run Id': 'scheduled__2024-07-03T00:00:00+00:00', 'Hostname': '01f8178c85f9', 'External Executor Id': '39bffe94-55f6-4ad8-ba21-8335e3495571'}
[2025-02-04T18:31:16.682+0000] {logging_mixin.py:190} INFO - Task instance in failure state
[2025-02-04T18:31:16.685+0000] {logging_mixin.py:190} INFO - Task start:2025-02-04 18:28:14.119241+00:00 end:2025-02-04 18:31:16.681039+00:00 duration:182.561798
[2025-02-04T18:31:16.687+0000] {logging_mixin.py:190} INFO - Task:<Task(PythonOperator): fetch_book_data> dag:<DAG: fetch_and_store_amazon_books> dagrun:<DagRun fetch_and_store_amazon_books @ 2024-07-03 00:00:00+00:00: scheduled__2024-07-03T00:00:00+00:00, state:running, queued_at: 2025-02-04 18:27:10.918757+00:00. externally triggered: False>
[2025-02-04T18:31:16.693+0000] {logging_mixin.py:190} INFO - Failure caused by {'DAG Id': 'fetch_and_store_amazon_books', 'Task Id': 'fetch_book_data', 'Run Id': 'scheduled__2024-07-03T00:00:00+00:00', 'Hostname': '01f8178c85f9', 'External Executor Id': '39bffe94-55f6-4ad8-ba21-8335e3495571'}
[2025-02-04T18:31:16.696+0000] {logging_mixin.py:190} INFO - [2025-02-04T18:31:16.696+0000] {taskinstance.py:1225} INFO - Marking task as UP_FOR_RETRY. dag_id=fetch_and_store_amazon_books, task_id=fetch_book_data, run_id=scheduled__2024-07-03T00:00:00+00:00, execution_date=20240703T000000, start_date=20250204T182814, end_date=20250204T183116
[2025-02-04T18:31:16.805+0000] {logging_mixin.py:190} INFO - [2025-02-04T18:31:16.805+0000] {processor.py:876} INFO - Executed callback for <TaskInstance: fetch_and_store_amazon_books.fetch_book_data scheduled__2024-07-03T00:00:00+00:00 [up_for_retry]> in state up_for_retry
[2025-02-04T18:31:18.175+0000] {logging_mixin.py:190} INFO - [2025-02-04T18:31:18.138+0000] {dag.py:3239} INFO - Sync 1 DAGs
[2025-02-04T18:31:18.531+0000] {processor.py:208} INFO - Processing /opt/airflow/dags/dag.py took 6.865 seconds
