[2025-02-04T18:28:13.245+0000] {local_task_job_runner.py:123} INFO - ::group::Pre task execution logs
[2025-02-04T18:28:13.539+0000] {taskinstance.py:2613} INFO - Dependencies all met for dep_context=non-requeueable deps ti=<TaskInstance: fetch_and_store_amazon_books.fetch_book_data manual__2025-02-04T18:27:07.412959+00:00 [queued]>
[2025-02-04T18:28:13.800+0000] {taskinstance.py:2613} INFO - Dependencies all met for dep_context=requeueable deps ti=<TaskInstance: fetch_and_store_amazon_books.fetch_book_data manual__2025-02-04T18:27:07.412959+00:00 [queued]>
[2025-02-04T18:28:13.808+0000] {taskinstance.py:2866} INFO - Starting attempt 1 of 2
[2025-02-04T18:28:14.021+0000] {taskinstance.py:2889} INFO - Executing <Task(PythonOperator): fetch_book_data> on 2025-02-04 18:27:07.412959+00:00
[2025-02-04T18:28:14.095+0000] {warnings.py:112} WARNING - /home/***/.local/lib/python3.12/site-packages/***/task/task_runner/standard_task_runner.py:70: DeprecationWarning: This process (pid=299) is multi-threaded, use of fork() may lead to deadlocks in the child.
  pid = os.fork()

[2025-02-04T18:28:14.133+0000] {standard_task_runner.py:72} INFO - Started process 348 to run task
[2025-02-04T18:28:14.155+0000] {standard_task_runner.py:104} INFO - Running: ['***', 'tasks', 'run', 'fetch_and_store_amazon_books', 'fetch_book_data', 'manual__2025-02-04T18:27:07.412959+00:00', '--job-id', '17', '--raw', '--subdir', 'DAGS_FOLDER/dag.py', '--cfg-path', '/tmp/tmps3x88sy8']
[2025-02-04T18:28:14.174+0000] {standard_task_runner.py:105} INFO - Job 17: Subtask fetch_book_data
[2025-02-04T18:28:14.776+0000] {task_command.py:467} INFO - Running <TaskInstance: fetch_and_store_amazon_books.fetch_book_data manual__2025-02-04T18:27:07.412959+00:00 [running]> on host 01f8178c85f9
[2025-02-04T18:28:16.380+0000] {taskinstance.py:3132} INFO - Exporting env vars: AIRFLOW_CTX_DAG_OWNER='***' AIRFLOW_CTX_DAG_ID='fetch_and_store_amazon_books' AIRFLOW_CTX_TASK_ID='fetch_book_data' AIRFLOW_CTX_EXECUTION_DATE='2025-02-04T18:27:07.412959+00:00' AIRFLOW_CTX_TRY_NUMBER='1' AIRFLOW_CTX_DAG_RUN_ID='manual__2025-02-04T18:27:07.412959+00:00'
[2025-02-04T18:28:16.550+0000] {logging_mixin.py:190} INFO - Task instance is in running state
[2025-02-04T18:28:16.572+0000] {logging_mixin.py:190} INFO -  Previous state of the Task instance: queued
[2025-02-04T18:28:16.627+0000] {logging_mixin.py:190} INFO - Current task name:fetch_book_data state:running start_date:2025-02-04 18:28:13.564147+00:00
[2025-02-04T18:28:16.712+0000] {logging_mixin.py:190} INFO - Dag name:fetch_and_store_amazon_books and current dag run status:running
[2025-02-04T18:28:16.732+0000] {taskinstance.py:731} INFO - ::endgroup::
[2025-02-04T18:28:43.756+0000] {job.py:229} INFO - Heartbeat recovered after 11.20 seconds
[2025-02-04T18:29:03.342+0000] {job.py:229} INFO - Heartbeat recovered after 13.49 seconds
[2025-02-04T18:29:11.874+0000] {job.py:229} INFO - Heartbeat recovered after 10.85 seconds
[2025-02-04T18:32:35.083+0000] {job.py:229} INFO - Heartbeat recovered after 43.53 seconds
[2025-02-04T18:32:55.382+0000] {job.py:229} INFO - Heartbeat recovered after 20.35 seconds
