[2025-02-04T18:28:04.682+0000] {local_task_job_runner.py:123} INFO - ::group::Pre task execution logs
[2025-02-04T18:28:05.126+0000] {taskinstance.py:2613} INFO - Dependencies all met for dep_context=non-requeueable deps ti=<TaskInstance: fetch_and_store_amazon_books.fetch_book_data scheduled__2024-06-30T00:00:00+00:00 [queued]>
[2025-02-04T18:28:05.270+0000] {taskinstance.py:2613} INFO - Dependencies all met for dep_context=requeueable deps ti=<TaskInstance: fetch_and_store_amazon_books.fetch_book_data scheduled__2024-06-30T00:00:00+00:00 [queued]>
[2025-02-04T18:28:05.283+0000] {taskinstance.py:2866} INFO - Starting attempt 1 of 2
[2025-02-04T18:28:05.610+0000] {taskinstance.py:2889} INFO - Executing <Task(PythonOperator): fetch_book_data> on 2024-06-30 00:00:00+00:00
[2025-02-04T18:28:05.793+0000] {warnings.py:112} WARNING - /home/***/.local/lib/python3.12/site-packages/***/task/task_runner/standard_task_runner.py:70: DeprecationWarning: This process (pid=310) is multi-threaded, use of fork() may lead to deadlocks in the child.
  pid = os.fork()

[2025-02-04T18:28:05.847+0000] {standard_task_runner.py:72} INFO - Started process 336 to run task
[2025-02-04T18:28:05.942+0000] {standard_task_runner.py:104} INFO - Running: ['***', 'tasks', 'run', 'fetch_and_store_amazon_books', 'fetch_book_data', 'scheduled__2024-06-30T00:00:00+00:00', '--job-id', '11', '--raw', '--subdir', 'DAGS_FOLDER/dag.py', '--cfg-path', '/tmp/tmpzp7n23sd']
[2025-02-04T18:28:05.979+0000] {standard_task_runner.py:105} INFO - Job 11: Subtask fetch_book_data
[2025-02-04T18:28:06.421+0000] {task_command.py:467} INFO - Running <TaskInstance: fetch_and_store_amazon_books.fetch_book_data scheduled__2024-06-30T00:00:00+00:00 [running]> on host 01f8178c85f9
[2025-02-04T18:28:08.079+0000] {taskinstance.py:3132} INFO - Exporting env vars: AIRFLOW_CTX_DAG_OWNER='***' AIRFLOW_CTX_DAG_ID='fetch_and_store_amazon_books' AIRFLOW_CTX_TASK_ID='fetch_book_data' AIRFLOW_CTX_EXECUTION_DATE='2024-06-30T00:00:00+00:00' AIRFLOW_CTX_TRY_NUMBER='1' AIRFLOW_CTX_DAG_RUN_ID='scheduled__2024-06-30T00:00:00+00:00'
[2025-02-04T18:28:08.163+0000] {logging_mixin.py:190} INFO - Task instance is in running state
[2025-02-04T18:28:08.186+0000] {logging_mixin.py:190} INFO -  Previous state of the Task instance: queued
[2025-02-04T18:28:08.192+0000] {logging_mixin.py:190} INFO - Current task name:fetch_book_data state:running start_date:2025-02-04 18:28:05.144329+00:00
[2025-02-04T18:28:08.194+0000] {logging_mixin.py:190} INFO - Dag name:fetch_and_store_amazon_books and current dag run status:running
[2025-02-04T18:28:08.195+0000] {taskinstance.py:731} INFO - ::endgroup::
[2025-02-04T18:28:42.834+0000] {job.py:229} INFO - Heartbeat recovered after 19.79 seconds
[2025-02-04T18:29:04.253+0000] {job.py:229} INFO - Heartbeat recovered after 13.83 seconds
[2025-02-04T18:32:34.316+0000] {job.py:229} INFO - Heartbeat recovered after 45.13 seconds
[2025-02-04T18:32:50.732+0000] {job.py:229} INFO - Heartbeat recovered after 17.09 seconds
