[2025-02-04T18:27:59.679+0000] {local_task_job_runner.py:123} INFO - ::group::Pre task execution logs
[2025-02-04T18:27:59.956+0000] {taskinstance.py:2613} INFO - Dependencies all met for dep_context=non-requeueable deps ti=<TaskInstance: fetch_and_store_amazon_books.fetch_book_data scheduled__2024-06-21T00:00:00+00:00 [queued]>
[2025-02-04T18:28:00.070+0000] {taskinstance.py:2613} INFO - Dependencies all met for dep_context=requeueable deps ti=<TaskInstance: fetch_and_store_amazon_books.fetch_book_data scheduled__2024-06-21T00:00:00+00:00 [queued]>
[2025-02-04T18:28:00.072+0000] {taskinstance.py:2866} INFO - Starting attempt 1 of 2
[2025-02-04T18:28:00.176+0000] {taskinstance.py:2889} INFO - Executing <Task(PythonOperator): fetch_book_data> on 2024-06-21 00:00:00+00:00
[2025-02-04T18:28:00.939+0000] {warnings.py:112} WARNING - /home/***/.local/lib/python3.12/site-packages/***/task/task_runner/standard_task_runner.py:70: DeprecationWarning: This process (pid=302) is multi-threaded, use of fork() may lead to deadlocks in the child.
  pid = os.fork()

[2025-02-04T18:28:01.201+0000] {standard_task_runner.py:72} INFO - Started process 324 to run task
[2025-02-04T18:28:01.287+0000] {standard_task_runner.py:104} INFO - Running: ['***', 'tasks', 'run', 'fetch_and_store_amazon_books', 'fetch_book_data', 'scheduled__2024-06-21T00:00:00+00:00', '--job-id', '8', '--raw', '--subdir', 'DAGS_FOLDER/dag.py', '--cfg-path', '/tmp/tmpx69q5kri']
[2025-02-04T18:28:01.346+0000] {standard_task_runner.py:105} INFO - Job 8: Subtask fetch_book_data
[2025-02-04T18:28:02.862+0000] {task_command.py:467} INFO - Running <TaskInstance: fetch_and_store_amazon_books.fetch_book_data scheduled__2024-06-21T00:00:00+00:00 [running]> on host 01f8178c85f9
[2025-02-04T18:28:04.239+0000] {taskinstance.py:3132} INFO - Exporting env vars: AIRFLOW_CTX_DAG_OWNER='***' AIRFLOW_CTX_DAG_ID='fetch_and_store_amazon_books' AIRFLOW_CTX_TASK_ID='fetch_book_data' AIRFLOW_CTX_EXECUTION_DATE='2024-06-21T00:00:00+00:00' AIRFLOW_CTX_TRY_NUMBER='1' AIRFLOW_CTX_DAG_RUN_ID='scheduled__2024-06-21T00:00:00+00:00'
[2025-02-04T18:28:04.290+0000] {logging_mixin.py:190} INFO - Task instance is in running state
[2025-02-04T18:28:04.315+0000] {logging_mixin.py:190} INFO -  Previous state of the Task instance: queued
[2025-02-04T18:28:04.332+0000] {logging_mixin.py:190} INFO - Current task name:fetch_book_data state:running start_date:2025-02-04 18:27:59.981237+00:00
[2025-02-04T18:28:04.351+0000] {logging_mixin.py:190} INFO - Dag name:fetch_and_store_amazon_books and current dag run status:running
[2025-02-04T18:28:04.393+0000] {taskinstance.py:731} INFO - ::endgroup::
[2025-02-04T18:28:51.206+0000] {job.py:229} INFO - Heartbeat recovered after 17.04 seconds
[2025-02-04T18:29:03.860+0000] {job.py:229} INFO - Heartbeat recovered after 12.78 seconds
[2025-02-04T18:31:04.030+0000] {job.py:229} INFO - Heartbeat recovered after 10.69 seconds
[2025-02-04T18:32:32.718+0000] {job.py:229} INFO - Heartbeat recovered after 45.77 seconds
[2025-02-04T18:32:52.204+0000] {job.py:229} INFO - Heartbeat recovered after 30.86 seconds
